#
# A fatal error has been detected by the Java Runtime Environment:
#
#  EXCEPTION_ACCESS_VIOLATION (0xc0000005) at pc=0x00007ffc79fde0a9, pid=9064, tid=3048
#
# JRE version: OpenJDK Runtime Environment Microsoft-8035246 (17.0.8+7) (build 17.0.8+7-LTS)
# Java VM: OpenJDK 64-Bit Server VM Microsoft-8035246 (17.0.8+7-LTS, mixed mode, sharing, tiered, compressed oops, compressed class ptrs, g1 gc, windows-amd64)
# Problematic frame:
# V  [jvm.dll+0x2be0a9]
#
# No core dump will be written. Minidumps are not enabled by default on client versions of Windows
#
# If you would like to submit a bug report, please visit:
#   https://github.com/microsoft/openjdk/issues
#

---------------  S U M M A R Y ------------

Command Line: -XX:MaxMetaspaceSize=512m --add-opens=java.base/java.util=ALL-UNNAMED --add-opens=java.base/java.lang=ALL-UNNAMED --add-opens=java.base/java.lang.invoke=ALL-UNNAMED --add-opens=java.prefs/java.util.prefs=ALL-UNNAMED --add-opens=java.base/java.nio.charset=ALL-UNNAMED --add-opens=java.base/java.net=ALL-UNNAMED --add-opens=java.base/java.util.concurrent.atomic=ALL-UNNAMED -Xmx2048m -Dfile.encoding=windows-1252 -Duser.country=US -Duser.language=en -Duser.variant -javaagent:C:\Users\Hissam\.gradle\wrapper\dists\gradle-8.5-all\3zlzzgtsutfj0pbojr50n2l7z\gradle-8.5\lib\agents\gradle-instrumentation-agent-8.5.jar org.gradle.launcher.daemon.bootstrap.GradleDaemon 8.5

Host: Intel(R) Core(TM) i5-6200U CPU @ 2.30GHz, 4 cores, 7G,  Windows 10 , 64 bit Build 19041 (10.0.19041.4597)
Time: Sun Aug 11 00:31:41 2024 Pakistan Standard Time elapsed time: 132.374055 seconds (0d 0h 2m 12s)

---------------  T H R E A D  ---------------

Current thread (0x000001d8db620b10):  JavaThread "C2 CompilerThread1" daemon [_thread_in_native, id=3048, stack(0x00000026b7d00000,0x00000026b7e00000)]


Current CompileTask:
C2: 132374 16690   !   4       org.gradle.cache.internal.DefaultMultiProcessSafeIndexedCache::getIfPresent (25 bytes)

Stack: [0x00000026b7d00000,0x00000026b7e00000],  sp=0x00000026b7dfb660,  free space=1005k
Native frames: (J=compiled Java code, j=interpreted, Vv=VM code, C=native code)
V  [jvm.dll+0x2be0a9]
V  [jvm.dll+0x21ba8b]
V  [jvm.dll+0x21944b]
V  [jvm.dll+0x1a56b6]
V  [jvm.dll+0x2291ea]
V  [jvm.dll+0x22724c]
V  [jvm.dll+0x7efd0c]
V  [jvm.dll+0x7ea13a]
V  [jvm.dll+0x67ad85]
C  [ucrtbase.dll+0x21bb2]
C  [KERNEL32.DLL+0x17374]
C  [ntdll.dll+0x4cc91]


siginfo: EXCEPTION_ACCESS_VIOLATION (0xc0000005), reading address 0x0000000000000028


Register to memory mapping:

RIP=0x00007ffc79fde0a9 jvm.dll
RAX=0x000001d8e2706020 points into unknown readable memory: 0x0000000000000000 | 00 00 00 00 00 00 00 00
RBX=0x000000000000179f is an unknown value
RCX=0x0 is NULL
RDX=0x0 is NULL
RSP=0x00000026b7dfb660 is pointing into the stack for thread: 0x000001d8db620b10
RBP=0x00000026b7dfb6d0 is pointing into the stack for thread: 0x000001d8db620b10
RSI=0x0 is NULL
RDI=0x0000000000000048 is an unknown value
R8 =0x000000000000ffe0 is an unknown value
R9 =0x0 is NULL
R10=0x00007ffc9e1b0000 VCRUNTIME140.dll
R11=0x000001d8e2706040 points into unknown readable memory: 0x0000000000000000 | 00 00 00 00 00 00 00 00
R12=0x0000000000000050 is an unknown value
R13=0x0 is NULL
R14=0x0 is NULL
R15=0x00000026b7dfe880 is pointing into the stack for thread: 0x000001d8db620b10


Registers:
RAX=0x000001d8e2706020, RBX=0x000000000000179f, RCX=0x0000000000000000, RDX=0x0000000000000000
RSP=0x00000026b7dfb660, RBP=0x00000026b7dfb6d0, RSI=0x0000000000000000, RDI=0x0000000000000048
R8 =0x000000000000ffe0, R9 =0x0000000000000000, R10=0x00007ffc9e1b0000, R11=0x000001d8e2706040
R12=0x0000000000000050, R13=0x0000000000000000, R14=0x0000000000000000, R15=0x00000026b7dfe880
RIP=0x00007ffc79fde0a9, EFLAGS=0x0000000000010202

Top of Stack: (sp=0x00000026b7dfb660)
0x00000026b7dfb660:   000000000000179f 0000000000000000
0x00000026b7dfb670:   00000026b7dfe880 00007ffc79f438d1
0x00000026b7dfb680:   000001d8d98eaae0 00007ffc00002000
0x00000026b7dfb690:   000001d8e2706020 000001d800000000
0x00000026b7dfb6a0:   0000000000000002 000001d8e2bf1960
0x00000026b7dfb6b0:   0000000000000002 000001d8d98eaae0
0x00000026b7dfb6c0:   0000000000000000 0000000000000000
0x00000026b7dfb6d0:   000001d8e3e17060 000001d899938f00
0x00000026b7dfb6e0:   0000000000000048 00007ffc7a664c08
0x00000026b7dfb6f0:   00000026b7dfb800 00007ffc79f3ba8b
0x00000026b7dfb700:   00000026b7dfe880 00007ffc7a664c08
0x00000026b7dfb710:   00000026b7dfe880 00000026b7dfb800
0x00000026b7dfb720:   000001d800000000 00007ffc7a33b7fb
0x00000026b7dfb730:   000000260000000f 00000026b7dfe880
0x00000026b7dfb740:   00000026b7dfb8b0 0000000000000000
0x00000026b7dfb750:   000001d800000100 00007ffc7a664c08 

Instructions: (pc=0x00007ffc79fde0a9)
0x00007ffc79fddfa9:   3b d0 75 0b ff c1 41 3b c9 7c dc 48 8b c2 c3 33
0x00007ffc79fddfb9:   c0 c3 cc cc cc cc cc 48 89 5c 24 18 55 56 57 41
0x00007ffc79fddfc9:   55 41 57 48 8b ec 48 83 ec 70 65 48 8b 04 25 58
0x00007ffc79fddfd9:   00 00 00 48 8b f2 44 8b 05 d2 8b 90 00 4c 8b f9
0x00007ffc79fddfe9:   4a 8b 1c c0 b8 50 00 00 00 80 3c 18 00 75 05 e8
0x00007ffc79fddff9:   8b 6f 5d 00 b8 20 00 00 00 48 8b 04 18 48 8b 98
0x00007ffc79fde009:   38 02 00 00 48 89 5d b0 c7 45 b8 04 00 00 00 48
0x00007ffc79fde019:   8b 43 18 48 83 f8 df 76 18 4c 8d 05 37 a9 65 00
0x00007ffc79fde029:   ba 20 00 00 00 48 8b cb e8 5a eb de ff 48 8b 43
0x00007ffc79fde039:   18 48 8d 48 20 48 3b 4b 20 76 11 45 33 c0 48 8b
0x00007ffc79fde049:   cb 41 8d 50 20 e8 fd e8 de ff eb 04 48 89 4b 18
0x00007ffc79fde059:   44 8b 45 b8 33 d2 49 c1 e0 03 48 8b c8 48 89 45
0x00007ffc79fde069:   c0 e8 e3 80 5d 00 45 33 ed 48 8d 4d d0 44 89 6d
0x00007ffc79fde079:   c8 e8 01 59 56 00 41 8b 9f 40 02 00 00 41 2b 9f
0x00007ffc79fde089:   68 02 00 00 44 89 6d f0 3b 5d b8 72 0b 8b d3 48
0x00007ffc79fde099:   8d 4d b0 e8 6f b3 39 00 48 8b 45 c0 4c 89 2c d8
0x00007ffc79fde0a9:   8b 7e 28 8b df c1 eb 05 3b 5d d0 72 0b 8b d3 48
0x00007ffc79fde0b9:   8d 4d d0 e8 1f 59 56 00 48 8b 45 d8 83 e7 1f 48
0x00007ffc79fde0c9:   8d 14 98 40 0f b6 cf 41 b8 01 00 00 00 41 d3 e0
0x00007ffc79fde0d9:   8b 0a 8b c1 41 0b c0 89 02 41 85 c8 75 21 8b 5d
0x00007ffc79fde0e9:   c8 8d 43 01 89 45 c8 3b 5d b8 72 0b 8b d3 48 8d
0x00007ffc79fde0f9:   4d b0 e8 10 b3 39 00 48 8b 45 c0 48 89 34 d8 44
0x00007ffc79fde109:   39 6d c8 0f 86 77 01 00 00 4c 89 a4 24 a0 00 00
0x00007ffc79fde119:   00 4c 89 b4 24 a8 00 00 00 48 8b 45 c0 41 8b cd
0x00007ffc79fde129:   48 8b 34 c8 8b 46 2c 25 ff 1f 00 00 3d 04 10 00
0x00007ffc79fde139:   00 0f 85 a7 00 00 00 bb 01 00 00 00 39 5e 18 76
0x00007ffc79fde149:   39 66 0f 1f 44 00 00 48 8b 46 08 8b cb 48 8b 14
0x00007ffc79fde159:   c8 48 85 d2 74 1d 48 83 7a 10 00 74 16 80 7a 2c
0x00007ffc79fde169:   84 74 10 e8 7f 7e ee ff 48 8b d0 49 8b cf e8 a4
0x00007ffc79fde179:   61 f6 ff ff c3 3b 5e 18 72 cd 48 8b 5e 10 8b 46
0x00007ffc79fde189:   20 4c 8d 34 c3 49 3b de 73 54 48 8b 3b 8b 47 2c
0x00007ffc79fde199:   83 e0 03 3c 03 75 2e 48 8b 07 48 8b cf ff 90 88 


Stack slot to memory mapping:
stack at sp + 0 slots: 0x000000000000179f is an unknown value
stack at sp + 1 slots: 0x0 is NULL
stack at sp + 2 slots: 0x00000026b7dfe880 is pointing into the stack for thread: 0x000001d8db620b10
stack at sp + 3 slots: 0x00007ffc79f438d1 jvm.dll
stack at sp + 4 slots: 0x000001d8d98eaae0 points into unknown readable memory: 0x000001d800000006 | 06 00 00 00 d8 01 00 00
stack at sp + 5 slots: 0x00007ffc00002000 is an unknown value
stack at sp + 6 slots: 0x000001d8e2706020 points into unknown readable memory: 0x0000000000000000 | 00 00 00 00 00 00 00 00
stack at sp + 7 slots: 0x000001d800000000 is an unknown value


---------------  P R O C E S S  ---------------

Threads class SMR info:
_java_thread_list=0x000001d8e288f180, length=100, elements={
0x000001d899922040, 0x000001d8b74d3c40, 0x000001d8b74d49d0, 0x000001d8b74eb280,
0x000001d8b74eef70, 0x000001d8b74ef840, 0x000001d8b74f0110, 0x000001d8b74f0dc0,
0x000001d8b74f1f20, 0x000001d8b755d780, 0x000001d8b74beb20, 0x000001d8b778f960,
0x000001d8d81b8820, 0x000001d8d8246b60, 0x000001d8d818f7c0, 0x000001d8d7da50b0,
0x000001d8d843ba50, 0x000001d8d84d8570, 0x000001d8d84db300, 0x000001d8d84dadf0,
0x000001d8d84d9ec0, 0x000001d8d84da3d0, 0x000001d8d84d99b0, 0x000001d8d84d8a80,
0x000001d8d84da8e0, 0x000001d8d84db810, 0x000001d8d84d8f90, 0x000001d8d84d94a0,
0x000001d8d9ec6dd0, 0x000001d8d9ec4550, 0x000001d8d9ec77f0, 0x000001d8d9ec9140,
0x000001d8d9ec72e0, 0x000001d8d9ec9650, 0x000001d8d9eca070, 0x000001d8d9ec4a60,
0x000001d8d9ec68c0, 0x000001d8d9ec4f70, 0x000001d8d9ec2c00, 0x000001d8d9ec9b60,
0x000001d8d9ec5ea0, 0x000001d8d9ec8c30, 0x000001d8d9ec5990, 0x000001d8d9ec63b0,
0x000001d8d9eca580, 0x000001d8d9ec8210, 0x000001d8d9ec3620, 0x000001d8d9ec3b30,
0x000001d8d99ad090, 0x000001d8d99aa300, 0x000001d8d99a7060, 0x000001d8d99abc50,
0x000001d8d99aad20, 0x000001d8d99acb80, 0x000001d8d99a84a0, 0x000001d8d99a98e0,
0x000001d8d99a89b0, 0x000001d8d99ab230, 0x000001d8d99ae4d0, 0x000001d8d99ab740,
0x000001d8d99adfc0, 0x000001d8d99a9df0, 0x000001d8d99a8ec0, 0x000001d8d99ac670,
0x000001d8d99ad5a0, 0x000001d8d99ae9e0, 0x000001d8d99a7570, 0x000001d8daf62730,
0x000001d8daf61d10, 0x000001d8daf63150, 0x000001d8daf65ee0, 0x000001d8daf67320,
0x000001d8daf63660, 0x000001d8daf64fb0, 0x000001d8daf5feb0, 0x000001d8daf654c0,
0x000001d8d99ac160, 0x000001d8daf603c0, 0x000001d8dc6675f0, 0x000001d8dc662a00,
0x000001d8dc661ad0, 0x000001d8dc668010, 0x000001d8dc662f10, 0x000001d8dc663e40,
0x000001d8dc664860, 0x000001d8dc664d70, 0x000001d8dc667b00, 0x000001d8dc668520,
0x000001d8dc6666c0, 0x000001d8dc666bd0, 0x000001d8dc661fe0, 0x000001d8dc663930,
0x000001d8dc6610b0, 0x000001d8dc665280, 0x000001d8dc6615c0, 0x000001d8dc6624f0,
0x000001d8dc6661b0, 0x000001d8dc663420, 0x000001d8dc6670e0, 0x000001d8db620b10
}

Java Threads: ( => current thread )
  0x000001d899922040 JavaThread "main" [_thread_blocked, id=1184, stack(0x00000026b1d00000,0x00000026b1e00000)]
  0x000001d8b74d3c40 JavaThread "Reference Handler" daemon [_thread_blocked, id=9396, stack(0x00000026b2400000,0x00000026b2500000)]
  0x000001d8b74d49d0 JavaThread "Finalizer" daemon [_thread_blocked, id=12640, stack(0x00000026b2500000,0x00000026b2600000)]
  0x000001d8b74eb280 JavaThread "Signal Dispatcher" daemon [_thread_blocked, id=11372, stack(0x00000026b2600000,0x00000026b2700000)]
  0x000001d8b74eef70 JavaThread "Attach Listener" daemon [_thread_blocked, id=10520, stack(0x00000026b2700000,0x00000026b2800000)]
  0x000001d8b74ef840 JavaThread "Service Thread" daemon [_thread_blocked, id=9636, stack(0x00000026b2800000,0x00000026b2900000)]
  0x000001d8b74f0110 JavaThread "Monitor Deflation Thread" daemon [_thread_blocked, id=120, stack(0x00000026b2900000,0x00000026b2a00000)]
  0x000001d8b74f0dc0 JavaThread "C2 CompilerThread0" daemon [_thread_blocked, id=5068, stack(0x00000026b2a00000,0x00000026b2b00000)]
  0x000001d8b74f1f20 JavaThread "C1 CompilerThread0" daemon [_thread_blocked, id=10944, stack(0x00000026b2b00000,0x00000026b2c00000)]
  0x000001d8b755d780 JavaThread "Sweeper thread" daemon [_thread_blocked, id=11112, stack(0x00000026b2c00000,0x00000026b2d00000)]
  0x000001d8b74beb20 JavaThread "Common-Cleaner" daemon [_thread_blocked, id=13668, stack(0x00000026b2d00000,0x00000026b2e00000)]
  0x000001d8b778f960 JavaThread "Notification Thread" daemon [_thread_blocked, id=3720, stack(0x00000026b2e00000,0x00000026b2f00000)]
  0x000001d8d81b8820 JavaThread "Daemon health stats" [_thread_blocked, id=6232, stack(0x00000026b3400000,0x00000026b3500000)]
  0x000001d8d8246b60 JavaThread "Incoming local TCP Connector on port 52581" [_thread_in_native, id=3708, stack(0x00000026b3300000,0x00000026b3400000)]
  0x000001d8d818f7c0 JavaThread "Daemon periodic checks" [_thread_blocked, id=10672, stack(0x00000026b3500000,0x00000026b3600000)]
  0x000001d8d7da50b0 JavaThread "Daemon" [_thread_blocked, id=536, stack(0x00000026b3600000,0x00000026b3700000)]
  0x000001d8d843ba50 JavaThread "Handler for socket connection from /127.0.0.1:52581 to /127.0.0.1:52582" [_thread_in_native, id=11724, stack(0x00000026b3700000,0x00000026b3800000)]
  0x000001d8d84d8570 JavaThread "Cancel handler" [_thread_blocked, id=7240, stack(0x00000026b3800000,0x00000026b3900000)]
  0x000001d8d84db300 JavaThread "Daemon worker" [_thread_blocked, id=6952, stack(0x00000026b3900000,0x00000026b3a00000)]
  0x000001d8d84dadf0 JavaThread "Asynchronous log dispatcher for DefaultDaemonConnection: socket connection from /127.0.0.1:52581 to /127.0.0.1:52582" [_thread_blocked, id=7368, stack(0x00000026b3a00000,0x00000026b3b00000)]
  0x000001d8d84d9ec0 JavaThread "Stdin handler" [_thread_blocked, id=856, stack(0x00000026b3b00000,0x00000026b3c00000)]
  0x000001d8d84da3d0 JavaThread "Daemon client event forwarder" [_thread_blocked, id=5916, stack(0x00000026b3c00000,0x00000026b3d00000)]
  0x000001d8d84d99b0 JavaThread "Cache worker for journal cache (C:\Users\Hissam\.gradle\caches\journal-1)" [_thread_blocked, id=1540, stack(0x00000026b3d00000,0x00000026b3e00000)]
  0x000001d8d84d8a80 JavaThread "File lock request listener" [_thread_in_native, id=7044, stack(0x00000026b3e00000,0x00000026b3f00000)]
  0x000001d8d84da8e0 JavaThread "Cache worker for file hash cache (C:\Users\Hissam\.gradle\caches\8.5\fileHashes)" [_thread_blocked, id=13908, stack(0x00000026b3f00000,0x00000026b4000000)]
  0x000001d8d84db810 JavaThread "File watcher server" daemon [_thread_in_native, id=7332, stack(0x00000026b4100000,0x00000026b4200000)]
  0x000001d8d84d8f90 JavaThread "File watcher consumer" daemon [_thread_blocked, id=12500, stack(0x00000026b4200000,0x00000026b4300000)]
  0x000001d8d84d94a0 JavaThread "Cache worker for checksums cache (C:\Users\Hissam\Downloads\otto-mobile-app-main\android\.gradle\8.5\checksums)" [_thread_blocked, id=4012, stack(0x00000026b4300000,0x00000026b4400000)]
  0x000001d8d9ec6dd0 JavaThread "Cache worker for file hash cache (C:\Users\Hissam\Downloads\otto-mobile-app-main\android\.gradle\8.5\fileHashes)" [_thread_blocked, id=10556, stack(0x00000026b4400000,0x00000026b4500000)]
  0x000001d8d9ec4550 JavaThread "Cache worker for cache directory md-supplier (C:\Users\Hissam\.gradle\caches\8.5\md-supplier)" [_thread_blocked, id=4804, stack(0x00000026b4500000,0x00000026b4600000)]
  0x000001d8d9ec77f0 JavaThread "Cache worker for cache directory md-rule (C:\Users\Hissam\.gradle\caches\8.5\md-rule)" [_thread_blocked, id=12116, stack(0x00000026b4600000,0x00000026b4700000)]
  0x000001d8d9ec9140 JavaThread "Cache worker for file content cache (C:\Users\Hissam\.gradle\caches\8.5\fileContent)" [_thread_blocked, id=11964, stack(0x00000026b4000000,0x00000026b4100000)]
  0x000001d8d9ec72e0 JavaThread "Cache worker for execution history cache (C:\Users\Hissam\.gradle\caches\8.5\executionHistory)" [_thread_blocked, id=3828, stack(0x00000026b4700000,0x00000026b4800000)]
  0x000001d8d9ec9650 JavaThread "jar transforms" [_thread_blocked, id=6604, stack(0x00000026b4900000,0x00000026b4a00000)]
  0x000001d8d9eca070 JavaThread "jar transforms Thread 2" [_thread_blocked, id=8036, stack(0x00000026b4a00000,0x00000026b4b00000)]
  0x000001d8d9ec4a60 JavaThread "jar transforms Thread 3" [_thread_blocked, id=9352, stack(0x00000026b4b00000,0x00000026b4c00000)]
  0x000001d8d9ec68c0 JavaThread "jar transforms Thread 4" [_thread_blocked, id=264, stack(0x00000026b4c00000,0x00000026b4d00000)]
  0x000001d8d9ec4f70 JavaThread "Exec process" [_thread_blocked, id=7384, stack(0x00000026b4d00000,0x00000026b4e00000)]
  0x000001d8d9ec2c00 JavaThread "Exec process Thread 2" [_thread_blocked, id=8416, stack(0x00000026b4e00000,0x00000026b4f00000)]
  0x000001d8d9ec9b60 JavaThread "Exec process Thread 3" [_thread_blocked, id=13020, stack(0x00000026b4f00000,0x00000026b5000000)]
  0x000001d8d9ec5ea0 JavaThread "Cache worker for kotlin-dsl (C:\Users\Hissam\.gradle\caches\8.5\kotlin-dsl)" [_thread_blocked, id=13132, stack(0x00000026b5000000,0x00000026b5100000)]
  0x000001d8d9ec8c30 JavaThread "Unconstrained build operations" [_thread_blocked, id=7992, stack(0x00000026b4800000,0x00000026b4900000)]
  0x000001d8d9ec5990 JavaThread "Unconstrained build operations Thread 2" [_thread_blocked, id=13092, stack(0x00000026b5100000,0x00000026b5200000)]
  0x000001d8d9ec63b0 JavaThread "Cache worker for dependencies-accessors (C:\Users\Hissam\Downloads\otto-mobile-app-main\android\.gradle\8.5\dependencies-accessors)" [_thread_blocked, id=13700, stack(0x00000026b5300000,0x00000026b5400000)]
  0x000001d8d9eca580 JavaThread "Cache worker for Build Output Cleanup Cache (C:\Users\Hissam\Downloads\otto-mobile-app-main\node_modules\@react-native\gradle-plugin\.gradle\buildOutputCleanup)" [_thread_blocked, id=12144, stack(0x00000026b5400000,0x00000026b5500000)]
  0x000001d8d9ec8210 JavaThread "Unconstrained build operations Thread 3" [_thread_blocked, id=8380, stack(0x00000026b5500000,0x00000026b5600000)]
  0x000001d8d9ec3620 JavaThread "Unconstrained build operations Thread 4" [_thread_blocked, id=9560, stack(0x00000026b5600000,0x00000026b5700000)]
  0x000001d8d9ec3b30 JavaThread "Unconstrained build operations Thread 5" [_thread_blocked, id=13064, stack(0x00000026b5700000,0x00000026b5800000)]
  0x000001d8d99ad090 JavaThread "Memory manager" [_thread_blocked, id=8412, stack(0x00000026b5800000,0x00000026b5900000)]
  0x000001d8d99aa300 JavaThread "build event listener" [_thread_blocked, id=13264, stack(0x00000026b5200000,0x00000026b5300000)]
  0x000001d8d99a7060 JavaThread "Cache worker for Build Output Cleanup Cache (C:\Users\Hissam\Downloads\otto-mobile-app-main\android\.gradle\buildOutputCleanup)" [_thread_blocked, id=8020, stack(0x00000026b5c00000,0x00000026b5d00000)]
  0x000001d8d99abc50 JavaThread "ForkJoinPool.commonPool-worker-2" daemon [_thread_blocked, id=6444, stack(0x00000026b5e00000,0x00000026b5f00000)]
  0x000001d8d99aad20 JavaThread "ForkJoinPool.commonPool-worker-3" daemon [_thread_blocked, id=13752, stack(0x00000026b5f00000,0x00000026b6000000)]
  0x000001d8d99acb80 JavaThread "Execution worker" [_thread_blocked, id=2608, stack(0x00000026b6100000,0x00000026b6200000)]
  0x000001d8d99a84a0 JavaThread "Execution worker Thread 2" [_thread_blocked, id=13864, stack(0x00000026b6200000,0x00000026b6300000)]
  0x000001d8d99a98e0 JavaThread "Execution worker Thread 3" [_thread_blocked, id=10584, stack(0x00000026b6300000,0x00000026b6400000)]
  0x000001d8d99a89b0 JavaThread "Cache worker for execution history cache (C:\Users\Hissam\Downloads\otto-mobile-app-main\node_modules\@react-native\gradle-plugin\.gradle\8.5\executionHistory)" [_thread_blocked, id=13512, stack(0x00000026b5900000,0x00000026b5a00000)]
  0x000001d8d99ab230 JavaThread "Unconstrained build operations Thread 6" [_thread_blocked, id=10736, stack(0x00000026b6400000,0x00000026b6500000)]
  0x000001d8d99ae4d0 JavaThread "Unconstrained build operations Thread 7" [_thread_blocked, id=7144, stack(0x00000026b6500000,0x00000026b6600000)]
  0x000001d8d99ab740 JavaThread "Unconstrained build operations Thread 8" [_thread_blocked, id=5252, stack(0x00000026b6600000,0x00000026b6700000)]
  0x000001d8d99adfc0 JavaThread "Unconstrained build operations Thread 9" [_thread_blocked, id=13444, stack(0x00000026b6700000,0x00000026b6800000)]
  0x000001d8d99a9df0 JavaThread "Unconstrained build operations Thread 10" [_thread_blocked, id=10244, stack(0x00000026b6800000,0x00000026b6900000)]
  0x000001d8d99a8ec0 JavaThread "Unconstrained build operations Thread 11" [_thread_blocked, id=5052, stack(0x00000026b6900000,0x00000026b6a00000)]
  0x000001d8d99ac670 JavaThread "Unconstrained build operations Thread 12" [_thread_blocked, id=7096, stack(0x00000026b6a00000,0x00000026b6b00000)]
  0x000001d8d99ad5a0 JavaThread "Unconstrained build operations Thread 13" [_thread_blocked, id=11408, stack(0x00000026b6b00000,0x00000026b6c00000)]
  0x000001d8d99ae9e0 JavaThread "Unconstrained build operations Thread 14" [_thread_blocked, id=11508, stack(0x00000026b6c00000,0x00000026b6d00000)]
  0x000001d8d99a7570 JavaThread "Unconstrained build operations Thread 15" [_thread_blocked, id=9192, stack(0x00000026b6d00000,0x00000026b6e00000)]
  0x000001d8daf62730 JavaThread "Unconstrained build operations Thread 16" [_thread_blocked, id=1316, stack(0x00000026b6e00000,0x00000026b6f00000)]
  0x000001d8daf61d10 JavaThread "build event listener" [_thread_blocked, id=1776, stack(0x00000026b6f00000,0x00000026b7000000)]
  0x000001d8daf63150 JavaThread "File lock release action executor" [_thread_blocked, id=6416, stack(0x00000026b1b00000,0x00000026b1c00000)]
  0x000001d8daf65ee0 JavaThread "Unconstrained build operations Thread 17" [_thread_blocked, id=10472, stack(0x00000026b1c00000,0x00000026b1d00000)]
  0x000001d8daf67320 JavaThread "Unconstrained build operations Thread 18" [_thread_blocked, id=11252, stack(0x00000026b7000000,0x00000026b7100000)]
  0x000001d8daf63660 JavaThread "Unconstrained build operations Thread 19" [_thread_blocked, id=9188, stack(0x00000026b7100000,0x00000026b7200000)]
  0x000001d8daf64fb0 JavaThread "Unconstrained build operations Thread 20" [_thread_blocked, id=6436, stack(0x00000026b5d00000,0x00000026b5e00000)]
  0x000001d8daf5feb0 JavaThread "Unconstrained build operations Thread 21" [_thread_blocked, id=13144, stack(0x00000026b7200000,0x00000026b7300000)]
  0x000001d8daf654c0 JavaThread "Unconstrained build operations Thread 22" [_thread_blocked, id=12864, stack(0x00000026b7300000,0x00000026b7400000)]
  0x000001d8d99ac160 JavaThread "Unconstrained build operations Thread 23" [_thread_blocked, id=1612, stack(0x00000026b6000000,0x00000026b6100000)]
  0x000001d8daf603c0 JavaThread "Unconstrained build operations Thread 24" [_thread_blocked, id=1336, stack(0x00000026b7400000,0x00000026b7500000)]
  0x000001d8dc6675f0 JavaThread "Unconstrained build operations Thread 25" [_thread_blocked, id=13248, stack(0x00000026b7500000,0x00000026b7600000)]
  0x000001d8dc662a00 JavaThread "Unconstrained build operations Thread 26" [_thread_blocked, id=356, stack(0x00000026b7600000,0x00000026b7700000)]
  0x000001d8dc661ad0 JavaThread "Unconstrained build operations Thread 27" [_thread_blocked, id=7836, stack(0x00000026b7700000,0x00000026b7800000)]
  0x000001d8dc668010 JavaThread "Unconstrained build operations Thread 28" [_thread_blocked, id=9644, stack(0x00000026b7800000,0x00000026b7900000)]
  0x000001d8dc662f10 JavaThread "ForkJoinPool.commonPool-worker-4" daemon [_thread_blocked, id=10800, stack(0x00000026b7900000,0x00000026b7a00000)]
  0x000001d8dc663e40 JavaThread "pool-3-thread-1" [_thread_blocked, id=10552, stack(0x00000026b7b00000,0x00000026b7c00000)]
  0x000001d8dc664860 JavaThread "build event listener" [_thread_blocked, id=3060, stack(0x00000026b7c00000,0x00000026b7d00000)]
  0x000001d8dc664d70 JavaThread "included builds Thread 2" [_thread_blocked, id=9388, stack(0x00000026b7a00000,0x00000026b7b00000)]
  0x000001d8dc667b00 JavaThread "Unconstrained build operations Thread 29" [_thread_blocked, id=12892, stack(0x00000026b7e00000,0x00000026b7f00000)]
  0x000001d8dc668520 JavaThread "Unconstrained build operations Thread 30" [_thread_blocked, id=12808, stack(0x00000026b7f00000,0x00000026b8000000)]
  0x000001d8dc6666c0 JavaThread "Unconstrained build operations Thread 31" [_thread_blocked, id=11940, stack(0x00000026b8000000,0x00000026b8100000)]
  0x000001d8dc666bd0 JavaThread "Unconstrained build operations Thread 32" [_thread_blocked, id=10560, stack(0x00000026b8100000,0x00000026b8200000)]
  0x000001d8dc661fe0 JavaThread "Unconstrained build operations Thread 33" [_thread_blocked, id=4628, stack(0x00000026b8200000,0x00000026b8300000)]
  0x000001d8dc663930 JavaThread "Unconstrained build operations Thread 34" [_thread_blocked, id=1280, stack(0x00000026b8300000,0x00000026b8400000)]
  0x000001d8dc6610b0 JavaThread "Unconstrained build operations Thread 35" [_thread_blocked, id=8208, stack(0x00000026b8400000,0x00000026b8500000)]
  0x000001d8dc665280 JavaThread "Unconstrained build operations Thread 36" [_thread_blocked, id=3768, stack(0x00000026b8500000,0x00000026b8600000)]
  0x000001d8dc6615c0 JavaThread "Unconstrained build operations Thread 37" [_thread_blocked, id=12816, stack(0x00000026b8600000,0x00000026b8700000)]
  0x000001d8dc6624f0 JavaThread "Cache worker for execution history cache (C:\Users\Hissam\Downloads\otto-mobile-app-main\android\.gradle\8.5\executionHistory)" [_thread_blocked, id=9680, stack(0x00000026b8700000,0x00000026b8800000)]
  0x000001d8dc6661b0 JavaThread "Unconstrained build operations Thread 38" [_thread_in_native, id=12968, stack(0x00000026b8800000,0x00000026b8900000)]
  0x000001d8dc663420 JavaThread "Unconstrained build operations Thread 39" [_thread_blocked, id=2040, stack(0x00000026b8900000,0x00000026b8a00000)]
  0x000001d8dc6670e0 JavaThread "Unconstrained build operations Thread 40" [_thread_blocked, id=932, stack(0x00000026b8a00000,0x00000026b8b00000)]
=>0x000001d8db620b10 JavaThread "C2 CompilerThread1" daemon [_thread_in_native, id=3048, stack(0x00000026b7d00000,0x00000026b7e00000)]

Other Threads:
  0x000001d8b74cd0b0 VMThread "VM Thread" [stack: 0x00000026b2300000,0x00000026b2400000] [id=6536]
  0x000001d899922d10 WatcherThread [stack: 0x00000026b2f00000,0x00000026b3000000] [id=8696]
  0x000001d899980280 GCTaskThread "GC Thread#0" [stack: 0x00000026b1e00000,0x00000026b1f00000] [id=2524]
  0x000001d8d719a720 GCTaskThread "GC Thread#1" [stack: 0x00000026b3100000,0x00000026b3200000] [id=9012]
  0x000001d8b7877dd0 GCTaskThread "GC Thread#2" [stack: 0x00000026b3200000,0x00000026b3300000] [id=11976]
  0x000001d8d7a61ca0 GCTaskThread "GC Thread#3" [stack: 0x00000026b3000000,0x00000026b3100000] [id=8484]
  0x000001d8999910e0 ConcurrentGCThread "G1 Main Marker" [stack: 0x00000026b1f00000,0x00000026b2000000] [id=11616]
  0x000001d899992a10 ConcurrentGCThread "G1 Conc#0" [stack: 0x00000026b2000000,0x00000026b2100000] [id=5732]
  0x000001d8999ddaf0 ConcurrentGCThread "G1 Refine#0" [stack: 0x00000026b2100000,0x00000026b2200000] [id=7584]
  0x000001d8999de430 ConcurrentGCThread "G1 Service" [stack: 0x00000026b2200000,0x00000026b2300000] [id=4416]

Threads with active compile tasks:
C2 CompilerThread1   132645 16690   !   4       org.gradle.cache.internal.DefaultMultiProcessSafeIndexedCache::getIfPresent (25 bytes)

VM state: not at safepoint (normal execution)

VM Mutex/Monitor currently owned by a thread: None

Heap address: 0x0000000080000000, size: 2048 MB, Compressed Oops mode: 32-bit

CDS archive(s) mapped at: [0x000001d8b8000000-0x000001d8b8bd0000-0x000001d8b8bd0000), size 12386304, SharedBaseAddress: 0x000001d8b8000000, ArchiveRelocationMode: 1.
Compressed class space mapped at: 0x000001d8b9000000-0x000001d8d3000000, reserved size: 436207616
Narrow klass base: 0x000001d8b8000000, Narrow klass shift: 0, Narrow klass range: 0x100000000

GC Precious Log:
 CPUs: 4 total, 4 available
 Memory: 8071M
 Large Page Support: Disabled
 NUMA Support: Disabled
 Compressed Oops: Enabled (32-bit)
 Heap Region Size: 1M
 Heap Min Capacity: 8M
 Heap Initial Capacity: 128M
 Heap Max Capacity: 2G
 Pre-touch: Disabled
 Parallel Workers: 4
 Concurrent Workers: 1
 Concurrent Refinement Workers: 4
 Periodic GC: Disabled

Heap:
 garbage-first heap   total 264192K, used 226778K [0x0000000080000000, 0x0000000100000000)
  region size 1024K, 18 young (18432K), 2 survivors (2048K)
 Metaspace       used 111065K, committed 112128K, reserved 557056K
  class space    used 15294K, committed 15808K, reserved 425984K

Heap Regions: E=young(eden), S=young(survivor), O=old, HS=humongous(starts), HC=humongous(continues), CS=collection set, F=free, OA=open archive, CA=closed archive, TAMS=top-at-mark-start (previous, next)
|   0|0x0000000080000000, 0x0000000080100000, 0x0000000080100000|100%| O|  |TAMS 0x0000000080100000, 0x0000000080000000| Untracked 
|   1|0x0000000080100000, 0x0000000080200000, 0x0000000080200000|100%| O|  |TAMS 0x0000000080200000, 0x0000000080100000| Untracked 
|   2|0x0000000080200000, 0x0000000080300000, 0x0000000080300000|100%|HS|  |TAMS 0x0000000080300000, 0x0000000080200000| Complete 
|   3|0x0000000080300000, 0x0000000080400000, 0x0000000080400000|100%|HC|  |TAMS 0x0000000080400000, 0x0000000080300000| Complete 
|   4|0x0000000080400000, 0x0000000080500000, 0x0000000080500000|100%|HC|  |TAMS 0x0000000080500000, 0x0000000080400000| Complete 
|   5|0x0000000080500000, 0x0000000080600000, 0x0000000080600000|100%|HC|  |TAMS 0x0000000080600000, 0x0000000080500000| Complete 
|   6|0x0000000080600000, 0x0000000080700000, 0x0000000080700000|100%| O|  |TAMS 0x0000000080700000, 0x0000000080600000| Untracked 
|   7|0x0000000080700000, 0x0000000080800000, 0x0000000080800000|100%| O|  |TAMS 0x0000000080800000, 0x0000000080700000| Untracked 
|   8|0x0000000080800000, 0x0000000080900000, 0x0000000080900000|100%| O|  |TAMS 0x0000000080900000, 0x0000000080800000| Untracked 
|   9|0x0000000080900000, 0x0000000080a00000, 0x0000000080a00000|100%| O|  |TAMS 0x0000000080a00000, 0x0000000080900000| Untracked 
|  10|0x0000000080a00000, 0x0000000080b00000, 0x0000000080b00000|100%| O|  |TAMS 0x0000000080b00000, 0x0000000080a00000| Untracked 
|  11|0x0000000080b00000, 0x0000000080c00000, 0x0000000080c00000|100%| O|  |TAMS 0x0000000080c00000, 0x0000000080b00000| Untracked 
|  12|0x0000000080c00000, 0x0000000080d00000, 0x0000000080d00000|100%| O|  |TAMS 0x0000000080d00000, 0x0000000080c00000| Untracked 
|  13|0x0000000080d00000, 0x0000000080e00000, 0x0000000080e00000|100%| O|  |TAMS 0x0000000080e00000, 0x0000000080d00000| Untracked 
|  14|0x0000000080e00000, 0x0000000080f00000, 0x0000000080f00000|100%| O|  |TAMS 0x0000000080f00000, 0x0000000080e00000| Untracked 
|  15|0x0000000080f00000, 0x0000000081000000, 0x0000000081000000|100%| O|  |TAMS 0x0000000081000000, 0x0000000080f00000| Untracked 
|  16|0x0000000081000000, 0x0000000081100000, 0x0000000081100000|100%| O|  |TAMS 0x0000000081100000, 0x0000000081000000| Untracked 
|  17|0x0000000081100000, 0x0000000081200000, 0x0000000081200000|100%| O|  |TAMS 0x0000000081200000, 0x0000000081100000| Untracked 
|  18|0x0000000081200000, 0x0000000081300000, 0x0000000081300000|100%| O|  |TAMS 0x0000000081300000, 0x0000000081200000| Untracked 
|  19|0x0000000081300000, 0x00000000813d4000, 0x0000000081400000| 82%| O|  |TAMS 0x00000000813d4000, 0x0000000081300000| Untracked 
|  20|0x0000000081400000, 0x0000000081500000, 0x0000000081500000|100%| O|  |TAMS 0x0000000081500000, 0x0000000081400000| Untracked 
|  21|0x0000000081500000, 0x0000000081600000, 0x0000000081600000|100%| O|  |TAMS 0x0000000081600000, 0x0000000081500000| Untracked 
|  22|0x0000000081600000, 0x0000000081700000, 0x0000000081700000|100%| O|  |TAMS 0x0000000081700000, 0x0000000081600000| Untracked 
|  23|0x0000000081700000, 0x0000000081800000, 0x0000000081800000|100%| O|  |TAMS 0x0000000081800000, 0x0000000081700000| Untracked 
|  24|0x0000000081800000, 0x0000000081900000, 0x0000000081900000|100%| O|  |TAMS 0x0000000081900000, 0x0000000081800000| Untracked 
|  25|0x0000000081900000, 0x0000000081a00000, 0x0000000081a00000|100%| O|  |TAMS 0x0000000081a00000, 0x0000000081900000| Untracked 
|  26|0x0000000081a00000, 0x0000000081b00000, 0x0000000081b00000|100%| O|  |TAMS 0x0000000081b00000, 0x0000000081a00000| Untracked 
|  27|0x0000000081b00000, 0x0000000081c00000, 0x0000000081c00000|100%| O|  |TAMS 0x0000000081c00000, 0x0000000081b00000| Untracked 
|  28|0x0000000081c00000, 0x0000000081d00000, 0x0000000081d00000|100%| O|  |TAMS 0x0000000081d00000, 0x0000000081c00000| Untracked 
|  29|0x0000000081d00000, 0x0000000081e00000, 0x0000000081e00000|100%| O|  |TAMS 0x0000000081e00000, 0x0000000081d00000| Untracked 
|  30|0x0000000081e00000, 0x0000000081f00000, 0x0000000081f00000|100%| O|  |TAMS 0x0000000081f00000, 0x0000000081e00000| Untracked 
|  31|0x0000000081f00000, 0x0000000082000000, 0x0000000082000000|100%| O|  |TAMS 0x0000000082000000, 0x0000000081f00000| Untracked 
|  32|0x0000000082000000, 0x0000000082100000, 0x0000000082100000|100%|HS|  |TAMS 0x0000000082100000, 0x0000000082000000| Complete 
|  33|0x0000000082100000, 0x0000000082200000, 0x0000000082200000|100%| O|  |TAMS 0x0000000082200000, 0x0000000082100000| Untracked 
|  34|0x0000000082200000, 0x0000000082300000, 0x0000000082300000|100%| O|  |TAMS 0x0000000082300000, 0x0000000082200000| Untracked 
|  35|0x0000000082300000, 0x0000000082400000, 0x0000000082400000|100%| O|  |TAMS 0x0000000082400000, 0x0000000082300000| Untracked 
|  36|0x0000000082400000, 0x0000000082500000, 0x0000000082500000|100%| O|  |TAMS 0x0000000082500000, 0x0000000082400000| Untracked 
|  37|0x0000000082500000, 0x0000000082600000, 0x0000000082600000|100%| O|  |TAMS 0x0000000082600000, 0x0000000082500000| Untracked 
|  38|0x0000000082600000, 0x0000000082700000, 0x0000000082700000|100%| O|  |TAMS 0x0000000082700000, 0x0000000082600000| Untracked 
|  39|0x0000000082700000, 0x0000000082800000, 0x0000000082800000|100%| O|  |TAMS 0x0000000082800000, 0x0000000082700000| Untracked 
|  40|0x0000000082800000, 0x0000000082900000, 0x0000000082900000|100%|HS|  |TAMS 0x0000000082900000, 0x0000000082800000| Complete 
|  41|0x0000000082900000, 0x0000000082a00000, 0x0000000082a00000|100%|HC|  |TAMS 0x0000000082a00000, 0x0000000082900000| Complete 
|  42|0x0000000082a00000, 0x0000000082b00000, 0x0000000082b00000|100%|HS|  |TAMS 0x0000000082b00000, 0x0000000082a00000| Complete 
|  43|0x0000000082b00000, 0x0000000082c00000, 0x0000000082c00000|100%|HC|  |TAMS 0x0000000082c00000, 0x0000000082b00000| Complete 
|  44|0x0000000082c00000, 0x0000000082d00000, 0x0000000082d00000|100%|HS|  |TAMS 0x0000000082d00000, 0x0000000082c00000| Complete 
|  45|0x0000000082d00000, 0x0000000082e00000, 0x0000000082e00000|100%|HC|  |TAMS 0x0000000082e00000, 0x0000000082d00000| Complete 
|  46|0x0000000082e00000, 0x0000000082f00000, 0x0000000082f00000|100%|HC|  |TAMS 0x0000000082f00000, 0x0000000082e00000| Complete 
|  47|0x0000000082f00000, 0x0000000083000000, 0x0000000083000000|100%|HC|  |TAMS 0x0000000083000000, 0x0000000082f00000| Complete 
|  48|0x0000000083000000, 0x0000000083100000, 0x0000000083100000|100%|HS|  |TAMS 0x0000000083100000, 0x0000000083000000| Complete 
|  49|0x0000000083100000, 0x0000000083200000, 0x0000000083200000|100%|HC|  |TAMS 0x0000000083200000, 0x0000000083100000| Complete 
|  50|0x0000000083200000, 0x0000000083300000, 0x0000000083300000|100%|HC|  |TAMS 0x0000000083300000, 0x0000000083200000| Complete 
|  51|0x0000000083300000, 0x0000000083400000, 0x0000000083400000|100%|HC|  |TAMS 0x0000000083400000, 0x0000000083300000| Complete 
|  52|0x0000000083400000, 0x0000000083500000, 0x0000000083500000|100%| O|  |TAMS 0x0000000083500000, 0x0000000083400000| Untracked 
|  53|0x0000000083500000, 0x0000000083600000, 0x0000000083600000|100%| O|  |TAMS 0x0000000083600000, 0x0000000083500000| Untracked 
|  54|0x0000000083600000, 0x0000000083700000, 0x0000000083700000|100%| O|  |TAMS 0x0000000083700000, 0x0000000083600000| Untracked 
|  55|0x0000000083700000, 0x0000000083800000, 0x0000000083800000|100%| O|  |TAMS 0x0000000083800000, 0x0000000083700000| Untracked 
|  56|0x0000000083800000, 0x0000000083900000, 0x0000000083900000|100%| O|  |TAMS 0x0000000083900000, 0x0000000083800000| Untracked 
|  57|0x0000000083900000, 0x0000000083a00000, 0x0000000083a00000|100%| O|  |TAMS 0x0000000083a00000, 0x0000000083900000| Untracked 
|  58|0x0000000083a00000, 0x0000000083b00000, 0x0000000083b00000|100%| O|  |TAMS 0x0000000083b00000, 0x0000000083a00000| Untracked 
|  59|0x0000000083b00000, 0x0000000083c00000, 0x0000000083c00000|100%| O|  |TAMS 0x0000000083c00000, 0x0000000083b00000| Untracked 
|  60|0x0000000083c00000, 0x0000000083d00000, 0x0000000083d00000|100%| O|  |TAMS 0x0000000083d00000, 0x0000000083c00000| Untracked 
|  61|0x0000000083d00000, 0x0000000083e00000, 0x0000000083e00000|100%| O|  |TAMS 0x0000000083e00000, 0x0000000083d00000| Untracked 
|  62|0x0000000083e00000, 0x0000000083f00000, 0x0000000083f00000|100%| O|  |TAMS 0x0000000083f00000, 0x0000000083e00000| Untracked 
|  63|0x0000000083f00000, 0x0000000084000000, 0x0000000084000000|100%| O|  |TAMS 0x0000000084000000, 0x0000000083f00000| Untracked 
|  64|0x0000000084000000, 0x0000000084100000, 0x0000000084100000|100%| O|  |TAMS 0x0000000084100000, 0x0000000084000000| Untracked 
|  65|0x0000000084100000, 0x0000000084200000, 0x0000000084200000|100%| O|  |TAMS 0x0000000084200000, 0x0000000084100000| Untracked 
|  66|0x0000000084200000, 0x0000000084300000, 0x0000000084300000|100%| O|  |TAMS 0x0000000084300000, 0x0000000084200000| Untracked 
|  67|0x0000000084300000, 0x0000000084400000, 0x0000000084400000|100%| O|  |TAMS 0x0000000084400000, 0x0000000084300000| Untracked 
|  68|0x0000000084400000, 0x0000000084500000, 0x0000000084500000|100%|HS|  |TAMS 0x0000000084400000, 0x0000000084400000| Complete 
|  69|0x0000000084500000, 0x0000000084600000, 0x0000000084600000|100%| O|  |TAMS 0x0000000084600000, 0x0000000084500000| Untracked 
|  70|0x0000000084600000, 0x0000000084700000, 0x0000000084700000|100%| O|  |TAMS 0x0000000084700000, 0x0000000084600000| Untracked 
|  71|0x0000000084700000, 0x0000000084800000, 0x0000000084800000|100%|HS|  |TAMS 0x0000000084800000, 0x0000000084700000| Complete 
|  72|0x0000000084800000, 0x0000000084900000, 0x0000000084900000|100%|HS|  |TAMS 0x0000000084900000, 0x0000000084800000| Complete 
|  73|0x0000000084900000, 0x0000000084a00000, 0x0000000084a00000|100%| O|  |TAMS 0x0000000084a00000, 0x0000000084900000| Untracked 
|  74|0x0000000084a00000, 0x0000000084b00000, 0x0000000084b00000|100%|HS|  |TAMS 0x0000000084b00000, 0x0000000084a00000| Complete 
|  75|0x0000000084b00000, 0x0000000084c00000, 0x0000000084c00000|100%|HS|  |TAMS 0x0000000084c00000, 0x0000000084b00000| Complete 
|  76|0x0000000084c00000, 0x0000000084d00000, 0x0000000084d00000|100%| O|  |TAMS 0x0000000084d00000, 0x0000000084c00000| Untracked 
|  77|0x0000000084d00000, 0x0000000084e00000, 0x0000000084e00000|100%| O|  |TAMS 0x0000000084e00000, 0x0000000084d00000| Untracked 
|  78|0x0000000084e00000, 0x0000000084f00000, 0x0000000084f00000|100%| O|  |TAMS 0x0000000084f00000, 0x0000000084e00000| Untracked 
|  79|0x0000000084f00000, 0x0000000085000000, 0x0000000085000000|100%| O|  |TAMS 0x0000000085000000, 0x0000000084f00000| Untracked 
|  80|0x0000000085000000, 0x0000000085100000, 0x0000000085100000|100%| O|  |TAMS 0x0000000085100000, 0x0000000085000000| Untracked 
|  81|0x0000000085100000, 0x0000000085200000, 0x0000000085200000|100%| O|  |TAMS 0x0000000085200000, 0x0000000085100000| Untracked 
|  82|0x0000000085200000, 0x0000000085300000, 0x0000000085300000|100%| O|  |TAMS 0x0000000085300000, 0x0000000085200000| Untracked 
|  83|0x0000000085300000, 0x0000000085400000, 0x0000000085400000|100%| O|  |TAMS 0x0000000085400000, 0x0000000085300000| Untracked 
|  84|0x0000000085400000, 0x0000000085500000, 0x0000000085500000|100%| O|  |TAMS 0x0000000085500000, 0x0000000085400000| Untracked 
|  85|0x0000000085500000, 0x0000000085600000, 0x0000000085600000|100%| O|  |TAMS 0x0000000085600000, 0x0000000085500000| Untracked 
|  86|0x0000000085600000, 0x0000000085700000, 0x0000000085700000|100%| O|  |TAMS 0x0000000085700000, 0x0000000085600000| Untracked 
|  87|0x0000000085700000, 0x0000000085800000, 0x0000000085800000|100%| O|  |TAMS 0x0000000085800000, 0x0000000085700000| Untracked 
|  88|0x0000000085800000, 0x0000000085900000, 0x0000000085900000|100%| O|  |TAMS 0x0000000085900000, 0x0000000085800000| Untracked 
|  89|0x0000000085900000, 0x0000000085a00000, 0x0000000085a00000|100%| O|  |TAMS 0x0000000085a00000, 0x0000000085900000| Untracked 
|  90|0x0000000085a00000, 0x0000000085b00000, 0x0000000085b00000|100%| O|  |TAMS 0x0000000085b00000, 0x0000000085a00000| Untracked 
|  91|0x0000000085b00000, 0x0000000085c00000, 0x0000000085c00000|100%| O|  |TAMS 0x0000000085c00000, 0x0000000085b00000| Untracked 
|  92|0x0000000085c00000, 0x0000000085d00000, 0x0000000085d00000|100%| O|  |TAMS 0x0000000085d00000, 0x0000000085c00000| Untracked 
|  93|0x0000000085d00000, 0x0000000085e00000, 0x0000000085e00000|100%| O|  |TAMS 0x0000000085e00000, 0x0000000085d00000| Untracked 
|  94|0x0000000085e00000, 0x0000000085f00000, 0x0000000085f00000|100%| O|  |TAMS 0x0000000085f00000, 0x0000000085e00000| Untracked 
|  95|0x0000000085f00000, 0x0000000086000000, 0x0000000086000000|100%| O|  |TAMS 0x0000000086000000, 0x0000000085f00000| Untracked 
|  96|0x0000000086000000, 0x0000000086100000, 0x0000000086100000|100%| O|  |TAMS 0x0000000086100000, 0x0000000086000000| Untracked 
|  97|0x0000000086100000, 0x0000000086200000, 0x0000000086200000|100%| O|  |TAMS 0x0000000086200000, 0x0000000086100000| Untracked 
|  98|0x0000000086200000, 0x0000000086300000, 0x0000000086300000|100%| O|  |TAMS 0x0000000086300000, 0x0000000086200000| Untracked 
|  99|0x0000000086300000, 0x0000000086400000, 0x0000000086400000|100%| O|  |TAMS 0x0000000086400000, 0x0000000086300000| Untracked 
| 100|0x0000000086400000, 0x0000000086500000, 0x0000000086500000|100%| O|  |TAMS 0x0000000086500000, 0x0000000086400000| Untracked 
| 101|0x0000000086500000, 0x0000000086600000, 0x0000000086600000|100%| O|  |TAMS 0x0000000086600000, 0x0000000086500000| Untracked 
| 102|0x0000000086600000, 0x0000000086700000, 0x0000000086700000|100%|HS|  |TAMS 0x0000000086700000, 0x0000000086600000| Complete 
| 103|0x0000000086700000, 0x0000000086800000, 0x0000000086800000|100%|HS|  |TAMS 0x0000000086800000, 0x0000000086700000| Complete 
| 104|0x0000000086800000, 0x0000000086900000, 0x0000000086900000|100%|HS|  |TAMS 0x0000000086900000, 0x0000000086800000| Complete 
| 105|0x0000000086900000, 0x0000000086a00000, 0x0000000086a00000|100%|HC|  |TAMS 0x0000000086a00000, 0x0000000086900000| Complete 
| 106|0x0000000086a00000, 0x0000000086b00000, 0x0000000086b00000|100%| O|  |TAMS 0x0000000086b00000, 0x0000000086a00000| Untracked 
| 107|0x0000000086b00000, 0x0000000086c00000, 0x0000000086c00000|100%| O|  |TAMS 0x0000000086c00000, 0x0000000086b00000| Untracked 
| 108|0x0000000086c00000, 0x0000000086d00000, 0x0000000086d00000|100%|HS|  |TAMS 0x0000000086c00000, 0x0000000086c00000| Complete 
| 109|0x0000000086d00000, 0x0000000086e00000, 0x0000000086e00000|100%| O|  |TAMS 0x0000000086e00000, 0x0000000086d00000| Untracked 
| 110|0x0000000086e00000, 0x0000000086f00000, 0x0000000086f00000|100%| O|  |TAMS 0x0000000086f00000, 0x0000000086e00000| Untracked 
| 111|0x0000000086f00000, 0x0000000087000000, 0x0000000087000000|100%| O|  |TAMS 0x0000000087000000, 0x0000000086f00000| Untracked 
| 112|0x0000000087000000, 0x0000000087100000, 0x0000000087100000|100%| O|  |TAMS 0x0000000087100000, 0x0000000087000000| Untracked 
| 113|0x0000000087100000, 0x0000000087200000, 0x0000000087200000|100%| O|  |TAMS 0x0000000087200000, 0x0000000087100000| Untracked 
| 114|0x0000000087200000, 0x0000000087300000, 0x0000000087300000|100%| O|  |TAMS 0x0000000087200000, 0x0000000087200000| Untracked 
| 115|0x0000000087300000, 0x0000000087400000, 0x0000000087400000|100%| O|  |TAMS 0x0000000087300000, 0x0000000087300000| Untracked 
| 116|0x0000000087400000, 0x0000000087500000, 0x0000000087500000|100%| O|  |TAMS 0x0000000087400000, 0x0000000087400000| Untracked 
| 117|0x0000000087500000, 0x0000000087600000, 0x0000000087600000|100%| O|  |TAMS 0x0000000087500000, 0x0000000087500000| Untracked 
| 118|0x0000000087600000, 0x0000000087700000, 0x0000000087700000|100%| O|  |TAMS 0x0000000087600000, 0x0000000087600000| Untracked 
| 119|0x0000000087700000, 0x0000000087800000, 0x0000000087800000|100%| O|  |TAMS 0x0000000087700000, 0x0000000087700000| Untracked 
| 120|0x0000000087800000, 0x0000000087900000, 0x0000000087900000|100%| O|  |TAMS 0x0000000087800000, 0x0000000087800000| Untracked 
| 121|0x0000000087900000, 0x0000000087a00000, 0x0000000087a00000|100%| O|  |TAMS 0x0000000087900000, 0x0000000087900000| Untracked 
| 122|0x0000000087a00000, 0x0000000087b00000, 0x0000000087b00000|100%| O|  |TAMS 0x0000000087a00000, 0x0000000087a00000| Untracked 
| 123|0x0000000087b00000, 0x0000000087c00000, 0x0000000087c00000|100%| O|  |TAMS 0x0000000087b00000, 0x0000000087b00000| Untracked 
| 124|0x0000000087c00000, 0x0000000087d00000, 0x0000000087d00000|100%| O|  |TAMS 0x0000000087c00000, 0x0000000087c00000| Untracked 
| 125|0x0000000087d00000, 0x0000000087e00000, 0x0000000087e00000|100%| O|  |TAMS 0x0000000087d00000, 0x0000000087d00000| Untracked 
| 126|0x0000000087e00000, 0x0000000087f00000, 0x0000000087f00000|100%| O|  |TAMS 0x0000000087e00000, 0x0000000087e00000| Untracked 
| 127|0x0000000087f00000, 0x0000000088000000, 0x0000000088000000|100%| O|  |TAMS 0x0000000087f00000, 0x0000000087f00000| Untracked 
| 128|0x0000000088000000, 0x0000000088100000, 0x0000000088100000|100%| O|  |TAMS 0x0000000088000000, 0x0000000088000000| Untracked 
| 129|0x0000000088100000, 0x0000000088200000, 0x0000000088200000|100%| O|  |TAMS 0x0000000088100000, 0x0000000088100000| Untracked 
| 130|0x0000000088200000, 0x0000000088300000, 0x0000000088300000|100%| O|  |TAMS 0x0000000088200000, 0x0000000088200000| Untracked 
| 131|0x0000000088300000, 0x0000000088400000, 0x0000000088400000|100%| O|  |TAMS 0x0000000088300000, 0x0000000088300000| Untracked 
| 132|0x0000000088400000, 0x0000000088500000, 0x0000000088500000|100%| O|  |TAMS 0x0000000088400000, 0x0000000088400000| Untracked 
| 133|0x0000000088500000, 0x0000000088600000, 0x0000000088600000|100%| O|  |TAMS 0x0000000088500000, 0x0000000088500000| Untracked 
| 134|0x0000000088600000, 0x0000000088700000, 0x0000000088700000|100%| O|  |TAMS 0x0000000088600000, 0x0000000088600000| Untracked 
| 135|0x0000000088700000, 0x0000000088800000, 0x0000000088800000|100%| O|  |TAMS 0x0000000088700000, 0x0000000088700000| Untracked 
| 136|0x0000000088800000, 0x0000000088900000, 0x0000000088900000|100%| O|  |TAMS 0x0000000088800000, 0x0000000088800000| Untracked 
| 137|0x0000000088900000, 0x0000000088a00000, 0x0000000088a00000|100%| O|  |TAMS 0x0000000088900000, 0x0000000088900000| Untracked 
| 138|0x0000000088a00000, 0x0000000088b00000, 0x0000000088b00000|100%| O|  |TAMS 0x0000000088a00000, 0x0000000088a00000| Untracked 
| 139|0x0000000088b00000, 0x0000000088c00000, 0x0000000088c00000|100%| O|  |TAMS 0x0000000088b00000, 0x0000000088b00000| Untracked 
| 140|0x0000000088c00000, 0x0000000088d00000, 0x0000000088d00000|100%| O|  |TAMS 0x0000000088c00000, 0x0000000088c00000| Untracked 
| 141|0x0000000088d00000, 0x0000000088e00000, 0x0000000088e00000|100%| O|  |TAMS 0x0000000088d00000, 0x0000000088d00000| Untracked 
| 142|0x0000000088e00000, 0x0000000088f00000, 0x0000000088f00000|100%| O|  |TAMS 0x0000000088e00000, 0x0000000088e00000| Untracked 
| 143|0x0000000088f00000, 0x0000000089000000, 0x0000000089000000|100%| O|  |TAMS 0x0000000088f00000, 0x0000000088f00000| Untracked 
| 144|0x0000000089000000, 0x0000000089100000, 0x0000000089100000|100%| O|  |TAMS 0x0000000089000000, 0x0000000089000000| Untracked 
| 145|0x0000000089100000, 0x0000000089200000, 0x0000000089200000|100%| O|  |TAMS 0x0000000089100000, 0x0000000089100000| Untracked 
| 146|0x0000000089200000, 0x0000000089300000, 0x0000000089300000|100%| O|  |TAMS 0x0000000089200000, 0x0000000089200000| Untracked 
| 147|0x0000000089300000, 0x0000000089400000, 0x0000000089400000|100%| O|  |TAMS 0x0000000089300000, 0x0000000089300000| Untracked 
| 148|0x0000000089400000, 0x0000000089500000, 0x0000000089500000|100%| O|  |TAMS 0x0000000089400000, 0x0000000089400000| Untracked 
| 149|0x0000000089500000, 0x0000000089600000, 0x0000000089600000|100%| O|  |TAMS 0x0000000089500000, 0x0000000089500000| Untracked 
| 150|0x0000000089600000, 0x0000000089700000, 0x0000000089700000|100%| O|  |TAMS 0x0000000089600000, 0x0000000089600000| Untracked 
| 151|0x0000000089700000, 0x0000000089800000, 0x0000000089800000|100%|HS|  |TAMS 0x0000000089700000, 0x0000000089700000| Complete 
| 152|0x0000000089800000, 0x0000000089900000, 0x0000000089900000|100%| O|  |TAMS 0x0000000089800000, 0x0000000089800000| Untracked 
| 153|0x0000000089900000, 0x0000000089a00000, 0x0000000089a00000|100%| O|  |TAMS 0x0000000089900000, 0x0000000089900000| Untracked 
| 154|0x0000000089a00000, 0x0000000089b00000, 0x0000000089b00000|100%| O|  |TAMS 0x0000000089a00000, 0x0000000089a00000| Untracked 
| 155|0x0000000089b00000, 0x0000000089c00000, 0x0000000089c00000|100%| O|  |TAMS 0x0000000089b00000, 0x0000000089b00000| Untracked 
| 156|0x0000000089c00000, 0x0000000089d00000, 0x0000000089d00000|100%| O|  |TAMS 0x0000000089c00000, 0x0000000089c00000| Untracked 
| 157|0x0000000089d00000, 0x0000000089e00000, 0x0000000089e00000|100%|HS|  |TAMS 0x0000000089d00000, 0x0000000089d00000| Complete 
| 158|0x0000000089e00000, 0x0000000089f00000, 0x0000000089f00000|100%|HS|  |TAMS 0x0000000089e00000, 0x0000000089e00000| Complete 
| 159|0x0000000089f00000, 0x000000008a000000, 0x000000008a000000|100%| O|  |TAMS 0x0000000089f00000, 0x0000000089f00000| Untracked 
| 160|0x000000008a000000, 0x000000008a100000, 0x000000008a100000|100%| O|  |TAMS 0x000000008a000000, 0x000000008a000000| Untracked 
| 161|0x000000008a100000, 0x000000008a200000, 0x000000008a200000|100%| O|  |TAMS 0x000000008a100000, 0x000000008a100000| Untracked 
| 162|0x000000008a200000, 0x000000008a300000, 0x000000008a300000|100%| O|  |TAMS 0x000000008a200000, 0x000000008a200000| Untracked 
| 163|0x000000008a300000, 0x000000008a400000, 0x000000008a400000|100%| O|  |TAMS 0x000000008a300000, 0x000000008a300000| Untracked 
| 164|0x000000008a400000, 0x000000008a500000, 0x000000008a500000|100%| O|  |TAMS 0x000000008a400000, 0x000000008a400000| Untracked 
| 165|0x000000008a500000, 0x000000008a600000, 0x000000008a600000|100%| O|  |TAMS 0x000000008a500000, 0x000000008a500000| Untracked 
| 166|0x000000008a600000, 0x000000008a700000, 0x000000008a700000|100%| O|  |TAMS 0x000000008a600000, 0x000000008a600000| Untracked 
| 167|0x000000008a700000, 0x000000008a800000, 0x000000008a800000|100%| O|  |TAMS 0x000000008a700000, 0x000000008a700000| Untracked 
| 168|0x000000008a800000, 0x000000008a900000, 0x000000008a900000|100%| O|  |TAMS 0x000000008a800000, 0x000000008a800000| Untracked 
| 169|0x000000008a900000, 0x000000008aa00000, 0x000000008aa00000|100%| O|  |TAMS 0x000000008a900000, 0x000000008a900000| Untracked 
| 170|0x000000008aa00000, 0x000000008ab00000, 0x000000008ab00000|100%| O|  |TAMS 0x000000008aa00000, 0x000000008aa00000| Untracked 
| 171|0x000000008ab00000, 0x000000008ac00000, 0x000000008ac00000|100%| O|  |TAMS 0x000000008ab00000, 0x000000008ab00000| Untracked 
| 172|0x000000008ac00000, 0x000000008ad00000, 0x000000008ad00000|100%| O|  |TAMS 0x000000008ac00000, 0x000000008ac00000| Untracked 
| 173|0x000000008ad00000, 0x000000008ae00000, 0x000000008ae00000|100%| O|  |TAMS 0x000000008ad00000, 0x000000008ad00000| Untracked 
| 174|0x000000008ae00000, 0x000000008af00000, 0x000000008af00000|100%| O|  |TAMS 0x000000008ae00000, 0x000000008ae00000| Untracked 
| 175|0x000000008af00000, 0x000000008b000000, 0x000000008b000000|100%| O|  |TAMS 0x000000008af00000, 0x000000008af00000| Untracked 
| 176|0x000000008b000000, 0x000000008b100000, 0x000000008b100000|100%| O|  |TAMS 0x000000008b000000, 0x000000008b000000| Untracked 
| 177|0x000000008b100000, 0x000000008b200000, 0x000000008b200000|100%| O|  |TAMS 0x000000008b100000, 0x000000008b100000| Untracked 
| 178|0x000000008b200000, 0x000000008b300000, 0x000000008b300000|100%| O|  |TAMS 0x000000008b200000, 0x000000008b200000| Untracked 
| 179|0x000000008b300000, 0x000000008b400000, 0x000000008b400000|100%| O|  |TAMS 0x000000008b300000, 0x000000008b300000| Untracked 
| 180|0x000000008b400000, 0x000000008b500000, 0x000000008b500000|100%| O|  |TAMS 0x000000008b400000, 0x000000008b400000| Untracked 
| 181|0x000000008b500000, 0x000000008b600000, 0x000000008b600000|100%| O|  |TAMS 0x000000008b500000, 0x000000008b500000| Untracked 
| 182|0x000000008b600000, 0x000000008b700000, 0x000000008b700000|100%| O|  |TAMS 0x000000008b600000, 0x000000008b600000| Untracked 
| 183|0x000000008b700000, 0x000000008b800000, 0x000000008b800000|100%| O|  |TAMS 0x000000008b700000, 0x000000008b700000| Untracked 
| 184|0x000000008b800000, 0x000000008b900000, 0x000000008b900000|100%| O|  |TAMS 0x000000008b800000, 0x000000008b800000| Untracked 
| 185|0x000000008b900000, 0x000000008ba00000, 0x000000008ba00000|100%| O|  |TAMS 0x000000008b900000, 0x000000008b900000| Untracked 
| 186|0x000000008ba00000, 0x000000008bb00000, 0x000000008bb00000|100%| O|  |TAMS 0x000000008ba00000, 0x000000008ba00000| Untracked 
| 187|0x000000008bb00000, 0x000000008bc00000, 0x000000008bc00000|100%| O|  |TAMS 0x000000008bb00000, 0x000000008bb00000| Untracked 
| 188|0x000000008bc00000, 0x000000008bd00000, 0x000000008bd00000|100%| O|  |TAMS 0x000000008bc00000, 0x000000008bc00000| Untracked 
| 189|0x000000008bd00000, 0x000000008be00000, 0x000000008be00000|100%| O|  |TAMS 0x000000008bd00000, 0x000000008bd00000| Untracked 
| 190|0x000000008be00000, 0x000000008bf00000, 0x000000008bf00000|100%| O|  |TAMS 0x000000008be00000, 0x000000008be00000| Untracked 
| 191|0x000000008bf00000, 0x000000008c000000, 0x000000008c000000|100%| O|  |TAMS 0x000000008bf00000, 0x000000008bf00000| Untracked 
| 192|0x000000008c000000, 0x000000008c100000, 0x000000008c100000|100%| O|  |TAMS 0x000000008c000000, 0x000000008c000000| Untracked 
| 193|0x000000008c100000, 0x000000008c200000, 0x000000008c200000|100%| O|  |TAMS 0x000000008c100000, 0x000000008c100000| Untracked 
| 194|0x000000008c200000, 0x000000008c300000, 0x000000008c300000|100%| O|  |TAMS 0x000000008c200000, 0x000000008c200000| Untracked 
| 195|0x000000008c300000, 0x000000008c400000, 0x000000008c400000|100%| O|  |TAMS 0x000000008c300000, 0x000000008c300000| Untracked 
| 196|0x000000008c400000, 0x000000008c500000, 0x000000008c500000|100%| O|  |TAMS 0x000000008c400000, 0x000000008c400000| Untracked 
| 197|0x000000008c500000, 0x000000008c600000, 0x000000008c600000|100%| O|  |TAMS 0x000000008c500000, 0x000000008c500000| Untracked 
| 198|0x000000008c600000, 0x000000008c700000, 0x000000008c700000|100%| O|  |TAMS 0x000000008c600000, 0x000000008c600000| Untracked 
| 199|0x000000008c700000, 0x000000008c800000, 0x000000008c800000|100%| O|  |TAMS 0x000000008c700000, 0x000000008c700000| Untracked 
| 200|0x000000008c800000, 0x000000008c900000, 0x000000008c900000|100%| O|  |TAMS 0x000000008c800000, 0x000000008c800000| Untracked 
| 201|0x000000008c900000, 0x000000008ca00000, 0x000000008ca00000|100%| O|  |TAMS 0x000000008c900000, 0x000000008c900000| Untracked 
| 202|0x000000008ca00000, 0x000000008cb00000, 0x000000008cb00000|100%| O|  |TAMS 0x000000008ca00000, 0x000000008ca00000| Untracked 
| 203|0x000000008cb00000, 0x000000008cc00000, 0x000000008cc00000|100%| O|  |TAMS 0x000000008cb00000, 0x000000008cb00000| Untracked 
| 204|0x000000008cc00000, 0x000000008cd00000, 0x000000008cd00000|100%| O|  |TAMS 0x000000008cc00000, 0x000000008cc00000| Untracked 
| 205|0x000000008cd00000, 0x000000008ce00000, 0x000000008ce00000|100%| O|  |TAMS 0x000000008cd00000, 0x000000008cd00000| Untracked 
| 206|0x000000008ce00000, 0x000000008ce72e00, 0x000000008cf00000| 44%| O|  |TAMS 0x000000008ce00000, 0x000000008ce00000| Untracked 
| 207|0x000000008cf00000, 0x000000008cf00000, 0x000000008d000000|  0%| F|  |TAMS 0x000000008cf00000, 0x000000008cf00000| Untracked 
| 208|0x000000008d000000, 0x000000008d000000, 0x000000008d100000|  0%| F|  |TAMS 0x000000008d000000, 0x000000008d000000| Untracked 
| 209|0x000000008d100000, 0x000000008d100000, 0x000000008d200000|  0%| F|  |TAMS 0x000000008d100000, 0x000000008d100000| Untracked 
| 210|0x000000008d200000, 0x000000008d200000, 0x000000008d300000|  0%| F|  |TAMS 0x000000008d200000, 0x000000008d200000| Untracked 
| 211|0x000000008d300000, 0x000000008d300000, 0x000000008d400000|  0%| F|  |TAMS 0x000000008d300000, 0x000000008d300000| Untracked 
| 212|0x000000008d400000, 0x000000008d400000, 0x000000008d500000|  0%| F|  |TAMS 0x000000008d400000, 0x000000008d400000| Untracked 
| 213|0x000000008d500000, 0x000000008d500000, 0x000000008d600000|  0%| F|  |TAMS 0x000000008d500000, 0x000000008d500000| Untracked 
| 214|0x000000008d600000, 0x000000008d600000, 0x000000008d700000|  0%| F|  |TAMS 0x000000008d600000, 0x000000008d600000| Untracked 
| 215|0x000000008d700000, 0x000000008d700000, 0x000000008d800000|  0%| F|  |TAMS 0x000000008d700000, 0x000000008d700000| Untracked 
| 216|0x000000008d800000, 0x000000008d800000, 0x000000008d900000|  0%| F|  |TAMS 0x000000008d800000, 0x000000008d800000| Untracked 
| 217|0x000000008d900000, 0x000000008d900000, 0x000000008da00000|  0%| F|  |TAMS 0x000000008d900000, 0x000000008d900000| Untracked 
| 218|0x000000008da00000, 0x000000008da00000, 0x000000008db00000|  0%| F|  |TAMS 0x000000008da00000, 0x000000008da00000| Untracked 
| 219|0x000000008db00000, 0x000000008db00000, 0x000000008dc00000|  0%| F|  |TAMS 0x000000008db00000, 0x000000008db00000| Untracked 
| 220|0x000000008dc00000, 0x000000008dc00000, 0x000000008dd00000|  0%| F|  |TAMS 0x000000008dc00000, 0x000000008dc00000| Untracked 
| 221|0x000000008dd00000, 0x000000008dd00000, 0x000000008de00000|  0%| F|  |TAMS 0x000000008dd00000, 0x000000008dd00000| Untracked 
| 222|0x000000008de00000, 0x000000008de00000, 0x000000008df00000|  0%| F|  |TAMS 0x000000008de00000, 0x000000008de00000| Untracked 
| 223|0x000000008df00000, 0x000000008df00000, 0x000000008e000000|  0%| F|  |TAMS 0x000000008df00000, 0x000000008df00000| Untracked 
| 224|0x000000008e000000, 0x000000008e000000, 0x000000008e100000|  0%| F|  |TAMS 0x000000008e000000, 0x000000008e000000| Untracked 
| 225|0x000000008e100000, 0x000000008e100000, 0x000000008e200000|  0%| F|  |TAMS 0x000000008e100000, 0x000000008e100000| Untracked 
| 226|0x000000008e200000, 0x000000008e200000, 0x000000008e300000|  0%| F|  |TAMS 0x000000008e200000, 0x000000008e200000| Untracked 
| 227|0x000000008e300000, 0x000000008e300000, 0x000000008e400000|  0%| F|  |TAMS 0x000000008e300000, 0x000000008e300000| Untracked 
| 228|0x000000008e400000, 0x000000008e400000, 0x000000008e500000|  0%| F|  |TAMS 0x000000008e400000, 0x000000008e400000| Untracked 
| 229|0x000000008e500000, 0x000000008e500000, 0x000000008e600000|  0%| F|  |TAMS 0x000000008e500000, 0x000000008e500000| Untracked 
| 230|0x000000008e600000, 0x000000008e600000, 0x000000008e700000|  0%| F|  |TAMS 0x000000008e600000, 0x000000008e600000| Untracked 
| 231|0x000000008e700000, 0x000000008e700000, 0x000000008e800000|  0%| F|  |TAMS 0x000000008e700000, 0x000000008e700000| Untracked 
| 232|0x000000008e800000, 0x000000008e800000, 0x000000008e900000|  0%| F|  |TAMS 0x000000008e800000, 0x000000008e800000| Untracked 
| 233|0x000000008e900000, 0x000000008e900000, 0x000000008ea00000|  0%| F|  |TAMS 0x000000008e900000, 0x000000008e900000| Untracked 
| 234|0x000000008ea00000, 0x000000008ea00000, 0x000000008eb00000|  0%| F|  |TAMS 0x000000008ea00000, 0x000000008ea00000| Untracked 
| 235|0x000000008eb00000, 0x000000008eb00000, 0x000000008ec00000|  0%| F|  |TAMS 0x000000008eb00000, 0x000000008eb00000| Untracked 
| 236|0x000000008ec00000, 0x000000008ec00000, 0x000000008ed00000|  0%| F|  |TAMS 0x000000008ec00000, 0x000000008ec00000| Untracked 
| 237|0x000000008ed00000, 0x000000008ed00000, 0x000000008ee00000|  0%| F|  |TAMS 0x000000008ed00000, 0x000000008ed00000| Untracked 
| 238|0x000000008ee00000, 0x000000008ee00000, 0x000000008ef00000|  0%| F|  |TAMS 0x000000008ee00000, 0x000000008ee00000| Untracked 
| 239|0x000000008ef00000, 0x000000008ef2fcb0, 0x000000008f000000| 18%| S|CS|TAMS 0x000000008ef00000, 0x000000008ef00000| Complete 
| 240|0x000000008f000000, 0x000000008f100000, 0x000000008f100000|100%| S|CS|TAMS 0x000000008f000000, 0x000000008f000000| Complete 
| 241|0x000000008f100000, 0x000000008f100000, 0x000000008f200000|  0%| F|  |TAMS 0x000000008f100000, 0x000000008f100000| Untracked 
| 242|0x000000008f200000, 0x000000008f2ae390, 0x000000008f300000| 68%| E|  |TAMS 0x000000008f200000, 0x000000008f200000| Complete 
| 243|0x000000008f300000, 0x000000008f400000, 0x000000008f400000|100%| E|CS|TAMS 0x000000008f300000, 0x000000008f300000| Complete 
| 244|0x000000008f400000, 0x000000008f500000, 0x000000008f500000|100%| E|CS|TAMS 0x000000008f400000, 0x000000008f400000| Complete 
| 245|0x000000008f500000, 0x000000008f600000, 0x000000008f600000|100%| E|CS|TAMS 0x000000008f500000, 0x000000008f500000| Complete 
| 246|0x000000008f600000, 0x000000008f700000, 0x000000008f700000|100%| E|CS|TAMS 0x000000008f600000, 0x000000008f600000| Complete 
| 247|0x000000008f700000, 0x000000008f800000, 0x000000008f800000|100%| E|CS|TAMS 0x000000008f700000, 0x000000008f700000| Complete 
| 248|0x000000008f800000, 0x000000008f900000, 0x000000008f900000|100%| E|CS|TAMS 0x000000008f800000, 0x000000008f800000| Complete 
| 249|0x000000008f900000, 0x000000008fa00000, 0x000000008fa00000|100%| E|  |TAMS 0x000000008f900000, 0x000000008f900000| Complete 
| 250|0x000000008fa00000, 0x000000008fb00000, 0x000000008fb00000|100%| E|CS|TAMS 0x000000008fa00000, 0x000000008fa00000| Complete 
| 251|0x000000008fb00000, 0x000000008fc00000, 0x000000008fc00000|100%| E|CS|TAMS 0x000000008fb00000, 0x000000008fb00000| Complete 
| 252|0x000000008fc00000, 0x000000008fd00000, 0x000000008fd00000|100%| E|CS|TAMS 0x000000008fc00000, 0x000000008fc00000| Complete 
| 253|0x000000008fd00000, 0x000000008fe00000, 0x000000008fe00000|100%| E|CS|TAMS 0x000000008fd00000, 0x000000008fd00000| Complete 
| 254|0x000000008fe00000, 0x000000008ff00000, 0x000000008ff00000|100%| E|CS|TAMS 0x000000008fe00000, 0x000000008fe00000| Complete 
| 255|0x000000008ff00000, 0x0000000090000000, 0x0000000090000000|100%| E|CS|TAMS 0x000000008ff00000, 0x000000008ff00000| Complete 
| 256|0x0000000090000000, 0x0000000090100000, 0x0000000090100000|100%| E|CS|TAMS 0x0000000090000000, 0x0000000090000000| Complete 
| 257|0x0000000090100000, 0x0000000090200000, 0x0000000090200000|100%| E|CS|TAMS 0x0000000090100000, 0x0000000090100000| Complete 

Card table byte_map: [0x000001d8b0820000,0x000001d8b0c20000] _byte_map_base: 0x000001d8b0420000

Marking Bits (Prev, Next): (CMBitMap*) 0x000001d8999807b0, (CMBitMap*) 0x000001d8999807f0
 Prev Bits: [0x000001d8b1020000, 0x000001d8b3020000)
 Next Bits: [0x000001d8b3020000, 0x000001d8b5020000)

Polling page: 0x000001d897890000

Metaspace:

Usage:
  Non-class:     93.53 MB used.
      Class:     14.94 MB used.
       Both:    108.46 MB used.

Virtual space:
  Non-class space:      128.00 MB reserved,      94.06 MB ( 73%) committed,  2 nodes.
      Class space:      416.00 MB reserved,      15.44 MB (  4%) committed,  1 nodes.
             Both:      544.00 MB reserved,     109.50 MB ( 20%) committed. 

Chunk freelists:
   Non-Class:  1.19 MB
       Class:  476.00 KB
        Both:  1.65 MB

MaxMetaspaceSize: 512.00 MB
CompressedClassSpaceSize: 416.00 MB
Initial GC threshold: 21.00 MB
Current GC threshold: 155.25 MB
CDS: on
MetaspaceReclaimPolicy: balanced
 - commit_granule_bytes: 65536.
 - commit_granule_words: 8192.
 - virtual_space_node_default_size: 8388608.
 - enlarge_chunks_in_place: 1.
 - new_chunks_are_fully_committed: 0.
 - uncommit_free_chunks: 1.
 - use_allocation_guard: 0.
 - handle_deallocations: 1.


Internal statistics:

num_allocs_failed_limit: 6.
num_arena_births: 1470.
num_arena_deaths: 0.
num_vsnodes_births: 3.
num_vsnodes_deaths: 0.
num_space_committed: 1751.
num_space_uncommitted: 0.
num_chunks_returned_to_freelist: 6.
num_chunks_taken_from_freelist: 6451.
num_chunk_merges: 6.
num_chunk_splits: 4144.
num_chunks_enlarged: 2627.
num_inconsistent_stats: 0.

CodeHeap 'non-profiled nmethods': size=120000Kb used=10119Kb max_used=10119Kb free=109881Kb
 bounds [0x000001d8a8ef0000, 0x000001d8a98e0000, 0x000001d8b0420000]
CodeHeap 'profiled nmethods': size=120000Kb used=29637Kb max_used=29637Kb free=90362Kb
 bounds [0x000001d8a1420000, 0x000001d8a3120000, 0x000001d8a8950000]
CodeHeap 'non-nmethods': size=5760Kb used=2423Kb max_used=2515Kb free=3336Kb
 bounds [0x000001d8a8950000, 0x000001d8a8bf0000, 0x000001d8a8ef0000]
 total_blobs=15510 nmethods=14548 adapters=874
 compilation: enabled
              stopped_count=0, restarted_count=0
 full_count=0

Compilation events (20 events):
Event: 132.037 Thread 0x000001d8db620b10 16685   !   4       sun.nio.fs.WindowsPath::createFromNormalizedPath (65 bytes)
Event: 132.059 Thread 0x000001d8db620b10 nmethod 16685 0x000001d8a98b4310 code [0x000001d8a98b44c0, 0x000001d8a98b5008]
Event: 132.072 Thread 0x000001d8db620b10 16686       4       org.gradle.internal.file.FileHierarchySet$PrefixFileSet::contains (10 bytes)
Event: 132.073 Thread 0x000001d8db620b10 nmethod 16686 0x000001d8a98b5290 code [0x000001d8a98b5420, 0x000001d8a98b54e8]
Event: 132.075 Thread 0x000001d8db620b10 16687   !   4       java.util.concurrent.FutureTask::run (123 bytes)
Event: 132.085 Thread 0x000001d8db620b10 nmethod 16687 0x000001d8a98b5610 code [0x000001d8a98b57c0, 0x000001d8a98b5dc8]
Event: 132.086 Thread 0x000001d8db620b10 16688       4       org.gradle.cache.internal.DefaultFileLockManager$DefaultFileLock::assertOpenAndIntegral (41 bytes)
Event: 132.088 Thread 0x000001d8db620b10 nmethod 16688 0x000001d8a98b6110 code [0x000001d8a98b62a0, 0x000001d8a98b63d8]
Event: 132.093 Thread 0x000001d8db620b10 16689       4       org.gradle.internal.time.DefaultTimer::getElapsedMillis (29 bytes)
Event: 132.096 Thread 0x000001d8db620b10 nmethod 16689 0x000001d8a98b6510 code [0x000001d8a98b66a0, 0x000001d8a98b6858]
Event: 132.106 Thread 0x000001d8db620b10 16690   !   4       org.gradle.cache.internal.DefaultMultiProcessSafeIndexedCache::getIfPresent (25 bytes)
Event: 132.128 Thread 0x000001d8b74f0dc0 nmethod 16658 0x000001d8a98b6a10 code [0x000001d8a98b6f60, 0x000001d8a98bd708]
Event: 132.129 Thread 0x000001d8b74f0dc0 16691       4       org.gradle.cache.internal.DefaultCacheCoordinator$UnitOfWorkFileAccess::readFile (14 bytes)
Event: 132.182 Thread 0x000001d8b74f0dc0 nmethod 16691 0x000001d8a98c0c90 code [0x000001d8a98c0f40, 0x000001d8a98c2620]
Event: 132.182 Thread 0x000001d8b74f0dc0 16692       4       java.util.concurrent.ArrayBlockingQueue::enqueue (53 bytes)
Event: 132.203 Thread 0x000001d8b74f0dc0 nmethod 16692 0x000001d8a98c3610 code [0x000001d8a98c37c0, 0x000001d8a98c40c8]
Event: 132.205 Thread 0x000001d8b74f0dc0 16693       4       java.util.concurrent.ArrayBlockingQueue::dequeue (75 bytes)
Event: 132.228 Thread 0x000001d8b74f0dc0 nmethod 16693 0x000001d8a98c4410 code [0x000001d8a98c45c0, 0x000001d8a98c4f08]
Event: 132.228 Thread 0x000001d8b74f0dc0 16694       4       java.nio.file.attribute.FileTime::toMillis (98 bytes)
Event: 132.230 Thread 0x000001d8b74f0dc0 nmethod 16694 0x000001d8a98c5290 code [0x000001d8a98c5400, 0x000001d8a98c5558]

GC Heap History (20 events):
Event: 116.372 GC heap before
{Heap before GC invocations=66 (full 0):
 garbage-first heap   total 264192K, used 219857K [0x0000000080000000, 0x0000000100000000)
  region size 1024K, 57 young (58368K), 4 survivors (4096K)
 Metaspace       used 102562K, committed 103616K, reserved 557056K
  class space    used 14384K, committed 14912K, reserved 425984K
}
Event: 116.390 GC heap after
{Heap after GC invocations=67 (full 0):
 garbage-first heap   total 264192K, used 179020K [0x0000000080000000, 0x0000000100000000)
  region size 1024K, 8 young (8192K), 8 survivors (8192K)
 Metaspace       used 102562K, committed 103616K, reserved 557056K
  class space    used 14384K, committed 14912K, reserved 425984K
}
Event: 118.071 GC heap before
{Heap before GC invocations=67 (full 0):
 garbage-first heap   total 264192K, used 218956K [0x0000000080000000, 0x0000000100000000)
  region size 1024K, 47 young (48128K), 8 survivors (8192K)
 Metaspace       used 104625K, committed 105728K, reserved 557056K
  class space    used 14710K, committed 15232K, reserved 425984K
}
Event: 118.088 GC heap after
{Heap after GC invocations=68 (full 0):
 garbage-first heap   total 264192K, used 183547K [0x0000000080000000, 0x0000000100000000)
  region size 1024K, 4 young (4096K), 4 survivors (4096K)
 Metaspace       used 104625K, committed 105728K, reserved 557056K
  class space    used 14710K, committed 15232K, reserved 425984K
}
Event: 120.724 GC heap before
{Heap before GC invocations=68 (full 0):
 garbage-first heap   total 264192K, used 221435K [0x0000000080000000, 0x0000000100000000)
  region size 1024K, 41 young (41984K), 4 survivors (4096K)
 Metaspace       used 107690K, committed 108864K, reserved 557056K
  class space    used 15061K, committed 15616K, reserved 425984K
}
Event: 120.745 GC heap after
{Heap after GC invocations=69 (full 0):
 garbage-first heap   total 264192K, used 187285K [0x0000000080000000, 0x0000000100000000)
  region size 1024K, 4 young (4096K), 4 survivors (4096K)
 Metaspace       used 107690K, committed 108864K, reserved 557056K
  class space    used 15061K, committed 15616K, reserved 425984K
}
Event: 122.773 GC heap before
{Heap before GC invocations=69 (full 0):
 garbage-first heap   total 264192K, used 223125K [0x0000000080000000, 0x0000000100000000)
  region size 1024K, 39 young (39936K), 4 survivors (4096K)
 Metaspace       used 108309K, committed 109376K, reserved 557056K
  class space    used 15120K, committed 15616K, reserved 425984K
}
Event: 122.797 GC heap after
{Heap after GC invocations=70 (full 0):
 garbage-first heap   total 264192K, used 192483K [0x0000000080000000, 0x0000000100000000)
  region size 1024K, 5 young (5120K), 5 survivors (5120K)
 Metaspace       used 108309K, committed 109376K, reserved 557056K
  class space    used 15120K, committed 15616K, reserved 425984K
}
Event: 123.950 GC heap before
{Heap before GC invocations=70 (full 0):
 garbage-first heap   total 264192K, used 224227K [0x0000000080000000, 0x0000000100000000)
  region size 1024K, 36 young (36864K), 5 survivors (5120K)
 Metaspace       used 108534K, committed 109632K, reserved 557056K
  class space    used 15137K, committed 15680K, reserved 425984K
}
Event: 123.966 GC heap after
{Heap after GC invocations=71 (full 0):
 garbage-first heap   total 264192K, used 195860K [0x0000000080000000, 0x0000000100000000)
  region size 1024K, 4 young (4096K), 4 survivors (4096K)
 Metaspace       used 108534K, committed 109632K, reserved 557056K
  class space    used 15137K, committed 15680K, reserved 425984K
}
Event: 125.494 GC heap before
{Heap before GC invocations=71 (full 0):
 garbage-first heap   total 264192K, used 230676K [0x0000000080000000, 0x0000000100000000)
  region size 1024K, 34 young (34816K), 4 survivors (4096K)
 Metaspace       used 110287K, committed 111360K, reserved 557056K
  class space    used 15235K, committed 15744K, reserved 425984K
}
Event: 125.511 GC heap after
{Heap after GC invocations=72 (full 0):
 garbage-first heap   total 264192K, used 200811K [0x0000000080000000, 0x0000000100000000)
  region size 1024K, 5 young (5120K), 5 survivors (5120K)
 Metaspace       used 110287K, committed 111360K, reserved 557056K
  class space    used 15235K, committed 15744K, reserved 425984K
}
Event: 126.873 GC heap before
{Heap before GC invocations=72 (full 0):
 garbage-first heap   total 264192K, used 225387K [0x0000000080000000, 0x0000000100000000)
  region size 1024K, 30 young (30720K), 5 survivors (5120K)
 Metaspace       used 110552K, committed 111744K, reserved 557056K
  class space    used 15252K, committed 15808K, reserved 425984K
}
Event: 126.885 GC heap after
{Heap after GC invocations=73 (full 0):
 garbage-first heap   total 264192K, used 202752K [0x0000000080000000, 0x0000000100000000)
  region size 1024K, 2 young (2048K), 2 survivors (2048K)
 Metaspace       used 110552K, committed 111744K, reserved 557056K
  class space    used 15252K, committed 15808K, reserved 425984K
}
Event: 130.067 GC heap before
{Heap before GC invocations=73 (full 0):
 garbage-first heap   total 264192K, used 226304K [0x0000000080000000, 0x0000000100000000)
  region size 1024K, 26 young (26624K), 2 survivors (2048K)
 Metaspace       used 110983K, committed 112064K, reserved 557056K
  class space    used 15293K, committed 15808K, reserved 425984K
}
Event: 130.076 GC heap after
{Heap after GC invocations=74 (full 0):
 garbage-first heap   total 264192K, used 204216K [0x0000000080000000, 0x0000000100000000)
  region size 1024K, 4 young (4096K), 4 survivors (4096K)
 Metaspace       used 110983K, committed 112064K, reserved 557056K
  class space    used 15293K, committed 15808K, reserved 425984K
}
Event: 131.386 GC heap before
{Heap before GC invocations=74 (full 0):
 garbage-first heap   total 264192K, used 226744K [0x0000000080000000, 0x0000000100000000)
  region size 1024K, 27 young (27648K), 4 survivors (4096K)
 Metaspace       used 110990K, committed 112128K, reserved 557056K
  class space    used 15294K, committed 15808K, reserved 425984K
}
Event: 131.398 GC heap after
{Heap after GC invocations=75 (full 0):
 garbage-first heap   total 264192K, used 210661K [0x0000000080000000, 0x0000000100000000)
  region size 1024K, 4 young (4096K), 4 survivors (4096K)
 Metaspace       used 110990K, committed 112128K, reserved 557056K
  class space    used 15294K, committed 15808K, reserved 425984K
}
Event: 131.744 GC heap before
{Heap before GC invocations=75 (full 0):
 garbage-first heap   total 264192K, used 227045K [0x0000000080000000, 0x0000000100000000)
  region size 1024K, 21 young (21504K), 4 survivors (4096K)
 Metaspace       used 111028K, committed 112128K, reserved 557056K
  class space    used 15294K, committed 15808K, reserved 425984K
}
Event: 131.753 GC heap after
{Heap after GC invocations=76 (full 0):
 garbage-first heap   total 264192K, used 212442K [0x0000000080000000, 0x0000000100000000)
  region size 1024K, 2 young (2048K), 2 survivors (2048K)
 Metaspace       used 111028K, committed 112128K, reserved 557056K
  class space    used 15294K, committed 15808K, reserved 425984K
}

Dll operation events (14 events):
Event: 0.019 Loaded shared library C:\Program Files\Microsoft\jdk-17.0.8.7-hotspot\bin\java.dll
Event: 0.080 Loaded shared library C:\Program Files\Microsoft\jdk-17.0.8.7-hotspot\bin\jsvml.dll
Event: 0.322 Loaded shared library C:\Program Files\Microsoft\jdk-17.0.8.7-hotspot\bin\zip.dll
Event: 0.335 Loaded shared library C:\Program Files\Microsoft\jdk-17.0.8.7-hotspot\bin\instrument.dll
Event: 0.355 Loaded shared library C:\Program Files\Microsoft\jdk-17.0.8.7-hotspot\bin\net.dll
Event: 0.363 Loaded shared library C:\Program Files\Microsoft\jdk-17.0.8.7-hotspot\bin\nio.dll
Event: 0.390 Loaded shared library C:\Program Files\Microsoft\jdk-17.0.8.7-hotspot\bin\zip.dll
Event: 1.147 Loaded shared library C:\Program Files\Microsoft\jdk-17.0.8.7-hotspot\bin\jimage.dll
Event: 1.382 Loaded shared library C:\Program Files\Microsoft\jdk-17.0.8.7-hotspot\bin\verify.dll
Event: 1.921 Loaded shared library C:\Users\Hissam\.gradle\native\c067742578af261105cb4f569cf0c3c89f3d7b1fecec35dd04571415982c5e48\windows-amd64\native-platform.dll
Event: 1.946 Loaded shared library C:\Users\Hissam\.gradle\native\38dada09dfb8b06ba9b0570ebf7e218e3eb74d4ef43ca46872605cf95ebc2f47\windows-amd64\native-platform-file-events.dll
Event: 4.228 Loaded shared library C:\Program Files\Microsoft\jdk-17.0.8.7-hotspot\bin\management.dll
Event: 4.233 Loaded shared library C:\Program Files\Microsoft\jdk-17.0.8.7-hotspot\bin\management_ext.dll
Event: 5.099 Loaded shared library C:\Program Files\Microsoft\jdk-17.0.8.7-hotspot\bin\sunmscapi.dll

Deoptimization events (20 events):
Event: 128.815 Thread 0x000001d8d99acb80 Uncommon trap: trap_request=0xffffffc6 fr.pc=0x000001d8a98438c8 relative=0x00000000000000a8
Event: 128.815 Thread 0x000001d8d99acb80 Uncommon trap: reason=bimorphic_or_optimized_type_check action=maybe_recompile pc=0x000001d8a98438c8 method=org.gradle.execution.plan.ActionNode.hasPendingPreExecutionNodes()Z @ 11 c2
Event: 128.815 Thread 0x000001d8d99acb80 DEOPT PACKING pc=0x000001d8a98438c8 sp=0x00000026b61fecf0
Event: 128.815 Thread 0x000001d8d99acb80 DEOPT UNPACKING pc=0x000001d8a89a69a3 sp=0x00000026b61fec78 mode 2
Event: 128.879 Thread 0x000001d8d99acb80 Uncommon trap: trap_request=0xffffffdc fr.pc=0x000001d8a9760af8 relative=0x0000000000000258
Event: 128.879 Thread 0x000001d8d99acb80 Uncommon trap: reason=class_check action=make_not_entrant pc=0x000001d8a9760af8 method=java.util.ArrayDeque.toArray(Ljava/lang/Class;)[Ljava/lang/Object; @ 45 c2
Event: 128.879 Thread 0x000001d8d99acb80 DEOPT PACKING pc=0x000001d8a9760af8 sp=0x00000026b61fb0e0
Event: 128.879 Thread 0x000001d8d99acb80 DEOPT UNPACKING pc=0x000001d8a89a69a3 sp=0x00000026b61fb080 mode 2
Event: 129.314 Thread 0x000001d8d99acb80 Uncommon trap: trap_request=0xffffffc6 fr.pc=0x000001d8a98438c8 relative=0x00000000000000a8
Event: 129.314 Thread 0x000001d8d99acb80 Uncommon trap: reason=bimorphic_or_optimized_type_check action=maybe_recompile pc=0x000001d8a98438c8 method=org.gradle.execution.plan.ActionNode.hasPendingPreExecutionNodes()Z @ 11 c2
Event: 129.314 Thread 0x000001d8d99acb80 DEOPT PACKING pc=0x000001d8a98438c8 sp=0x00000026b61fecf0
Event: 129.314 Thread 0x000001d8d99acb80 DEOPT UNPACKING pc=0x000001d8a89a69a3 sp=0x00000026b61fec78 mode 2
Event: 129.363 Thread 0x000001d8d99a98e0 Uncommon trap: trap_request=0xffffffc6 fr.pc=0x000001d8a98438c8 relative=0x00000000000000a8
Event: 129.363 Thread 0x000001d8d99a98e0 Uncommon trap: reason=bimorphic_or_optimized_type_check action=maybe_recompile pc=0x000001d8a98438c8 method=org.gradle.execution.plan.ActionNode.hasPendingPreExecutionNodes()Z @ 11 c2
Event: 129.363 Thread 0x000001d8d99a98e0 DEOPT PACKING pc=0x000001d8a98438c8 sp=0x00000026b63fe8b0
Event: 129.363 Thread 0x000001d8d99a98e0 DEOPT UNPACKING pc=0x000001d8a89a69a3 sp=0x00000026b63fe838 mode 2
Event: 129.380 Thread 0x000001d8d99a98e0 Uncommon trap: trap_request=0xffffffc6 fr.pc=0x000001d8a98438c8 relative=0x00000000000000a8
Event: 129.380 Thread 0x000001d8d99a98e0 Uncommon trap: reason=bimorphic_or_optimized_type_check action=maybe_recompile pc=0x000001d8a98438c8 method=org.gradle.execution.plan.ActionNode.hasPendingPreExecutionNodes()Z @ 11 c2
Event: 129.380 Thread 0x000001d8d99a98e0 DEOPT PACKING pc=0x000001d8a98438c8 sp=0x00000026b63fe8b0
Event: 129.380 Thread 0x000001d8d99a98e0 DEOPT UNPACKING pc=0x000001d8a89a69a3 sp=0x00000026b63fe838 mode 2

Classes unloaded (0 events):
No events

Classes redefined (0 events):
No events

Internal exceptions (20 events):
Event: 118.169 Thread 0x000001d8d84db300 Implicit null exception at 0x000001d8a9279894 to 0x000001d8a9279f4c
Event: 118.294 Thread 0x000001d8d84db300 Implicit null exception at 0x000001d8a9112575 to 0x000001d8a9112b68
Event: 119.114 Thread 0x000001d8d84db300 Exception <a 'sun/nio/fs/WindowsException'{0x000000008f4cbe00}> (0x000000008f4cbe00) 
thrown [s\src\hotspot\share\prims\jni.cpp, line 516]
Event: 119.114 Thread 0x000001d8d84db300 Exception <a 'sun/nio/fs/WindowsException'{0x000000008f4cd450}> (0x000000008f4cd450) 
thrown [s\src\hotspot\share\prims\jni.cpp, line 516]
Event: 119.115 Thread 0x000001d8d84db300 Exception <a 'sun/nio/fs/WindowsException'{0x000000008f4ceaf0}> (0x000000008f4ceaf0) 
thrown [s\src\hotspot\share\prims\jni.cpp, line 516]
Event: 119.116 Thread 0x000001d8d84db300 Exception <a 'sun/nio/fs/WindowsException'{0x000000008f4d0190}> (0x000000008f4d0190) 
thrown [s\src\hotspot\share\prims\jni.cpp, line 516]
Event: 119.226 Thread 0x000001d8d84db300 Implicit null exception at 0x000001d8a929cd4b to 0x000001d8a929d968
Event: 120.746 Thread 0x000001d8b74d49d0 Implicit null exception at 0x000001d8a95e3d80 to 0x000001d8a95e4400
Event: 121.690 Thread 0x000001d8d84db300 Exception <a 'java/lang/IncompatibleClassChangeError'{0x000000008f10f118}: Found class java.lang.Object, but interface was expected> (0x000000008f10f118) 
thrown [s\src\hotspot\share\interpreter\linkResolver.cpp, line 826]
Event: 124.997 Thread 0x000001d8d84db300 Exception <a 'java/lang/NoSuchMethodError'{0x000000008eacbb38}: static Lcom/android/build/gradle/internal/profile/ProjectData;.<clinit>()V> (0x000000008eacbb38) 
thrown [s\src\hotspot\share\prims\jni.cpp, line 1107]
Event: 125.132 Thread 0x000001d8d84db300 Exception <a 'java/lang/NoSuchMethodError'{0x000000008e952a28}: static Lcom/android/build/gradle/internal/profile/TaskMetadata;.<clinit>()V> (0x000000008e952a28) 
thrown [s\src\hotspot\share\prims\jni.cpp, line 1107]
Event: 125.435 Thread 0x000001d8d84db300 Exception <a 'sun/nio/fs/WindowsException'{0x000000008e5a17a0}> (0x000000008e5a17a0) 
thrown [s\src\hotspot\share\prims\jni.cpp, line 516]
Event: 125.634 Thread 0x000001d8dc664d70 Exception <a 'java/lang/NoSuchMethodError'{0x000000009007e2c8}: 'java.lang.Object java.lang.invoke.DirectMethodHandle$Holder.invokeSpecialIFC(java.lang.Object, java.lang.Object, java.lang.Object)'> (0x000000009007e2c8) 
thrown [s\src\hotspot\share\interpreter\linkResolver.cpp, line 759]
Event: 128.573 Thread 0x000001d8d99acb80 Exception <a 'java/lang/ClassNotFoundException'{0x000000008f03b210}: groovy/util/FileTreeBuilderBeanInfo> (0x000000008f03b210) 
thrown [s\src\hotspot\share\classfile\systemDictionary.cpp, line 256]
Event: 128.575 Thread 0x000001d8d99acb80 Exception <a 'java/lang/ClassNotFoundException'{0x000000008f0b5a70}: groovy/util/FileTreeBuilderCustomizer> (0x000000008f0b5a70) 
thrown [s\src\hotspot\share\classfile\systemDictionary.cpp, line 256]
Event: 128.683 Thread 0x000001d8d99acb80 Exception <a 'java/lang/ClassNotFoundException'{0x000000008f0f96b8}: java/io/BufferedWriterBeanInfo> (0x000000008f0f96b8) 
thrown [s\src\hotspot\share\classfile\systemDictionary.cpp, line 256]
Event: 128.683 Thread 0x000001d8d99acb80 Exception <a 'java/lang/ClassNotFoundException'{0x000000008ef00568}: java/io/WriterBeanInfo> (0x000000008ef00568) 
thrown [s\src\hotspot\share\classfile\systemDictionary.cpp, line 256]
Event: 128.684 Thread 0x000001d8d99acb80 Exception <a 'java/lang/ClassNotFoundException'{0x000000008ef07050}: java/io/WriterCustomizer> (0x000000008ef07050) 
thrown [s\src\hotspot\share\classfile\systemDictionary.cpp, line 256]
Event: 128.685 Thread 0x000001d8d99acb80 Exception <a 'java/lang/ClassNotFoundException'{0x000000008ef198d0}: java/io/BufferedWriterCustomizer> (0x000000008ef198d0) 
thrown [s\src\hotspot\share\classfile\systemDictionary.cpp, line 256]
Event: 128.752 Thread 0x000001d8d99acb80 Exception <a 'java/lang/NoSuchMethodError'{0x000000008efa0090}: static Lcom/android/build/api/variant/BuildConfigField;.<clinit>()V> (0x000000008efa0090) 
thrown [s\src\hotspot\share\prims\jni.cpp, line 1107]

VM Operations (20 events):
Event: 125.576 Executing VM operation: HandshakeAllThreads
Event: 125.576 Executing VM operation: HandshakeAllThreads done
Event: 126.362 Executing VM operation: ICBufferFull
Event: 126.378 Executing VM operation: ICBufferFull done
Event: 126.824 Executing VM operation: G1CollectForAllocation
Event: 126.896 Executing VM operation: G1CollectForAllocation done
Event: 127.901 Executing VM operation: Cleanup
Event: 127.920 Executing VM operation: Cleanup done
Event: 128.864 Executing VM operation: ICBufferFull
Event: 128.864 Executing VM operation: ICBufferFull done
Event: 129.877 Executing VM operation: Cleanup
Event: 129.877 Executing VM operation: Cleanup done
Event: 130.067 Executing VM operation: G1CollectForAllocation
Event: 130.076 Executing VM operation: G1CollectForAllocation done
Event: 131.090 Executing VM operation: Cleanup
Event: 131.090 Executing VM operation: Cleanup done
Event: 131.386 Executing VM operation: G1CollectForAllocation
Event: 131.398 Executing VM operation: G1CollectForAllocation done
Event: 131.744 Executing VM operation: G1CollectForAllocation
Event: 131.754 Executing VM operation: G1CollectForAllocation done

Events (20 events):
Event: 128.683 loading class java/io/WriterBeanInfo
Event: 128.683 loading class java/io/WriterBeanInfo done
Event: 128.683 loading class java/io/WriterBeanInfo
Event: 128.683 loading class java/io/WriterBeanInfo done
Event: 128.683 loading class java/io/WriterCustomizer
Event: 128.683 loading class java/io/WriterCustomizer done
Event: 128.684 loading class java/io/WriterCustomizer
Event: 128.684 loading class java/io/WriterCustomizer done
Event: 128.684 loading class java/io/BufferedWriterCustomizer
Event: 128.684 loading class java/io/BufferedWriterCustomizer done
Event: 128.685 loading class java/io/BufferedWriterCustomizer
Event: 128.685 loading class java/io/BufferedWriterCustomizer done
Event: 128.693 Thread 0x000001d8db61f5d0 Thread added: 0x000001d8db61f5d0
Event: 129.147 Thread 0x000001d8db61f5d0 Thread exited: 0x000001d8db61f5d0
Event: 129.317 Thread 0x000001d8db61f5d0 Thread added: 0x000001d8db61f5d0
Event: 129.419 Thread 0x000001d8dc6661b0 Thread added: 0x000001d8dc6661b0
Event: 129.419 Thread 0x000001d8dc663420 Thread added: 0x000001d8dc663420
Event: 129.421 Thread 0x000001d8dc6670e0 Thread added: 0x000001d8dc6670e0
Event: 130.312 Thread 0x000001d8db61f5d0 Thread exited: 0x000001d8db61f5d0
Event: 131.947 Thread 0x000001d8db620b10 Thread added: 0x000001d8db620b10


Dynamic libraries:
0x00007ff6fe830000 - 0x00007ff6fe83e000 	C:\Program Files\Microsoft\jdk-17.0.8.7-hotspot\bin\java.exe
0x00007ffcf5650000 - 0x00007ffcf5848000 	C:\Windows\SYSTEM32\ntdll.dll
0x00007ffcf3e10000 - 0x00007ffcf3ed1000 	C:\Windows\System32\KERNEL32.DLL
0x00007ffcf3280000 - 0x00007ffcf3576000 	C:\Windows\System32\KERNELBASE.dll
0x00007ffcf3580000 - 0x00007ffcf3680000 	C:\Windows\System32\ucrtbase.dll
0x00007ffc9f9a0000 - 0x00007ffc9f9b7000 	C:\Program Files\Microsoft\jdk-17.0.8.7-hotspot\bin\jli.dll
0x00007ffcf3790000 - 0x00007ffcf392f000 	C:\Windows\System32\USER32.dll
0x00007ffcf2d50000 - 0x00007ffcf2d72000 	C:\Windows\System32\win32u.dll
0x00007ffcf3ad0000 - 0x00007ffcf3afb000 	C:\Windows\System32\GDI32.dll
0x00007ffcf3000000 - 0x00007ffcf3117000 	C:\Windows\System32\gdi32full.dll
0x00007ffcf2d80000 - 0x00007ffcf2e1d000 	C:\Windows\System32\msvcp_win.dll
0x00007ffc9e1b0000 - 0x00007ffc9e1cb000 	C:\Program Files\Microsoft\jdk-17.0.8.7-hotspot\bin\VCRUNTIME140.dll
0x00007ffcd5a80000 - 0x00007ffcd5d1a000 	C:\Windows\WinSxS\amd64_microsoft.windows.common-controls_6595b64144ccf1df_6.0.19041.4355_none_60b8b9eb71f62e16\COMCTL32.dll
0x00007ffcf42a0000 - 0x00007ffcf433e000 	C:\Windows\System32\msvcrt.dll
0x00007ffcf5580000 - 0x00007ffcf55af000 	C:\Windows\System32\IMM32.DLL
0x00007ffce4d00000 - 0x00007ffce4d0c000 	C:\Program Files\Microsoft\jdk-17.0.8.7-hotspot\bin\vcruntime140_1.dll
0x00007ffc7b1f0000 - 0x00007ffc7b27d000 	C:\Program Files\Microsoft\jdk-17.0.8.7-hotspot\bin\msvcp140.dll
0x00007ffc79d20000 - 0x00007ffc7a985000 	C:\Program Files\Microsoft\jdk-17.0.8.7-hotspot\bin\server\jvm.dll
0x00007ffcf3680000 - 0x00007ffcf3730000 	C:\Windows\System32\ADVAPI32.dll
0x00007ffcf3950000 - 0x00007ffcf39f0000 	C:\Windows\System32\sechost.dll
0x00007ffcf4a00000 - 0x00007ffcf4b23000 	C:\Windows\System32\RPCRT4.dll
0x00007ffcf2f60000 - 0x00007ffcf2f87000 	C:\Windows\System32\bcrypt.dll
0x00007ffcf2b50000 - 0x00007ffcf2b9b000 	C:\Windows\SYSTEM32\POWRPROF.dll
0x00007ffcdac40000 - 0x00007ffcdac49000 	C:\Windows\SYSTEM32\WSOCK32.dll
0x00007ffcf4410000 - 0x00007ffcf447b000 	C:\Windows\System32\WS2_32.dll
0x00007ffcdb590000 - 0x00007ffcdb5b7000 	C:\Windows\SYSTEM32\WINMM.dll
0x00007ffce9010000 - 0x00007ffce901a000 	C:\Windows\SYSTEM32\VERSION.dll
0x00007ffcf2b30000 - 0x00007ffcf2b42000 	C:\Windows\SYSTEM32\UMPDC.dll
0x00007ffcf1560000 - 0x00007ffcf1572000 	C:\Windows\SYSTEM32\kernel.appcore.dll
0x00007ffcdf0e0000 - 0x00007ffcdf0ea000 	C:\Program Files\Microsoft\jdk-17.0.8.7-hotspot\bin\jimage.dll
0x00007ffcf0b50000 - 0x00007ffcf0d34000 	C:\Windows\SYSTEM32\DBGHELP.DLL
0x00007ffccfde0000 - 0x00007ffccfe14000 	C:\Windows\SYSTEM32\dbgcore.DLL
0x00007ffcf2ed0000 - 0x00007ffcf2f52000 	C:\Windows\System32\bcryptPrimitives.dll
0x00007ffce92c0000 - 0x00007ffce92ce000 	C:\Program Files\Microsoft\jdk-17.0.8.7-hotspot\bin\instrument.dll
0x00007ffc7b1c0000 - 0x00007ffc7b1e5000 	C:\Program Files\Microsoft\jdk-17.0.8.7-hotspot\bin\java.dll
0x00007ffc7adf0000 - 0x00007ffc7aec7000 	C:\Program Files\Microsoft\jdk-17.0.8.7-hotspot\bin\jsvml.dll
0x00007ffcf4e00000 - 0x00007ffcf556c000 	C:\Windows\System32\SHELL32.dll
0x00007ffcf0d40000 - 0x00007ffcf14de000 	C:\Windows\SYSTEM32\windows.storage.dll
0x00007ffcf3ee0000 - 0x00007ffcf4233000 	C:\Windows\System32\combase.dll
0x00007ffcf2650000 - 0x00007ffcf267e000 	C:\Windows\SYSTEM32\Wldp.dll
0x00007ffcf4340000 - 0x00007ffcf440d000 	C:\Windows\System32\OLEAUT32.dll
0x00007ffcf3c30000 - 0x00007ffcf3cdd000 	C:\Windows\System32\SHCORE.dll
0x00007ffcf3730000 - 0x00007ffcf3785000 	C:\Windows\System32\shlwapi.dll
0x00007ffcf2c30000 - 0x00007ffcf2c54000 	C:\Windows\SYSTEM32\profapi.dll
0x00007ffccc080000 - 0x00007ffccc098000 	C:\Program Files\Microsoft\jdk-17.0.8.7-hotspot\bin\zip.dll
0x00007ffccc180000 - 0x00007ffccc199000 	C:\Program Files\Microsoft\jdk-17.0.8.7-hotspot\bin\net.dll
0x00007ffce6ff0000 - 0x00007ffce70fa000 	C:\Windows\SYSTEM32\WINHTTP.dll
0x00007ffcf23b0000 - 0x00007ffcf241a000 	C:\Windows\system32\mswsock.dll
0x00007ffccc160000 - 0x00007ffccc176000 	C:\Program Files\Microsoft\jdk-17.0.8.7-hotspot\bin\nio.dll
0x00007ffccc030000 - 0x00007ffccc040000 	C:\Program Files\Microsoft\jdk-17.0.8.7-hotspot\bin\verify.dll
0x00007ffcdf3b0000 - 0x00007ffcdf3d7000 	C:\Users\Hissam\.gradle\native\c067742578af261105cb4f569cf0c3c89f3d7b1fecec35dd04571415982c5e48\windows-amd64\native-platform.dll
0x00007ffcb7fb0000 - 0x00007ffcb80f4000 	C:\Users\Hissam\.gradle\native\38dada09dfb8b06ba9b0570ebf7e218e3eb74d4ef43ca46872605cf95ebc2f47\windows-amd64\native-platform-file-events.dll
0x00007ffccc150000 - 0x00007ffccc159000 	C:\Program Files\Microsoft\jdk-17.0.8.7-hotspot\bin\management.dll
0x00007ffccc140000 - 0x00007ffccc14b000 	C:\Program Files\Microsoft\jdk-17.0.8.7-hotspot\bin\management_ext.dll
0x00007ffcf5570000 - 0x00007ffcf5578000 	C:\Windows\System32\PSAPI.DLL
0x00007ffcf25a0000 - 0x00007ffcf25b8000 	C:\Windows\SYSTEM32\CRYPTSP.dll
0x00007ffcf1cd0000 - 0x00007ffcf1d04000 	C:\Windows\system32\rsaenh.dll
0x00007ffcf2ba0000 - 0x00007ffcf2bce000 	C:\Windows\SYSTEM32\USERENV.dll
0x00007ffcf25c0000 - 0x00007ffcf25cc000 	C:\Windows\SYSTEM32\CRYPTBASE.dll
0x00007ffcf2090000 - 0x00007ffcf20cb000 	C:\Windows\SYSTEM32\IPHLPAPI.DLL
0x00007ffcf4480000 - 0x00007ffcf4488000 	C:\Windows\System32\NSI.dll
0x00007ffce7750000 - 0x00007ffce7767000 	C:\Windows\SYSTEM32\dhcpcsvc6.DLL
0x00007ffce8640000 - 0x00007ffce865d000 	C:\Windows\SYSTEM32\dhcpcsvc.DLL
0x00007ffcf20d0000 - 0x00007ffcf219a000 	C:\Windows\SYSTEM32\DNSAPI.dll
0x00007ffccc130000 - 0x00007ffccc13e000 	C:\Program Files\Microsoft\jdk-17.0.8.7-hotspot\bin\sunmscapi.dll
0x00007ffcf3120000 - 0x00007ffcf327e000 	C:\Windows\System32\CRYPT32.dll
0x00007ffcf26c0000 - 0x00007ffcf26e9000 	C:\Windows\SYSTEM32\ncrypt.dll
0x00007ffcf2680000 - 0x00007ffcf26bb000 	C:\Windows\SYSTEM32\NTASN1.dll
0x00007ffccc120000 - 0x00007ffccc127000 	C:\Windows\system32\wshunix.dll
0x00007ffcd3850000 - 0x00007ffcd3867000 	C:\Windows\system32\napinsp.dll
0x00007ffcd34c0000 - 0x00007ffcd34db000 	C:\Windows\system32\pnrpnsp.dll
0x00007ffcd2990000 - 0x00007ffcd29a5000 	C:\Windows\system32\wshbth.dll
0x00007ffce9f10000 - 0x00007ffce9f2d000 	C:\Windows\system32\NLAapi.dll
0x00007ffcd2890000 - 0x00007ffcd28a2000 	C:\Windows\System32\winrnr.dll
0x00000000528a0000 - 0x00000000528c6000 	C:\Program Files\Bonjour\mdnsNSP.dll
0x00007ffcddbd0000 - 0x00007ffcddbda000 	C:\Windows\System32\rasadhlp.dll
0x00007ffcdddc0000 - 0x00007ffcdde40000 	C:\Windows\System32\fwpuclnt.dll

dbghelp: loaded successfully - version: 4.0.5 - missing functions: none
symbol engine: initialized successfully - sym options: 0x614 - pdb path: .;C:\Program Files\Microsoft\jdk-17.0.8.7-hotspot\bin;C:\Windows\SYSTEM32;C:\Windows\WinSxS\amd64_microsoft.windows.common-controls_6595b64144ccf1df_6.0.19041.4355_none_60b8b9eb71f62e16;C:\Program Files\Microsoft\jdk-17.0.8.7-hotspot\bin\server;C:\Users\Hissam\.gradle\native\c067742578af261105cb4f569cf0c3c89f3d7b1fecec35dd04571415982c5e48\windows-amd64;C:\Users\Hissam\.gradle\native\38dada09dfb8b06ba9b0570ebf7e218e3eb74d4ef43ca46872605cf95ebc2f47\windows-amd64;C:\Program Files\Bonjour

VM Arguments:
jvm_args: -XX:MaxMetaspaceSize=512m --add-opens=java.base/java.util=ALL-UNNAMED --add-opens=java.base/java.lang=ALL-UNNAMED --add-opens=java.base/java.lang.invoke=ALL-UNNAMED --add-opens=java.prefs/java.util.prefs=ALL-UNNAMED --add-opens=java.base/java.nio.charset=ALL-UNNAMED --add-opens=java.base/java.net=ALL-UNNAMED --add-opens=java.base/java.util.concurrent.atomic=ALL-UNNAMED -Xmx2048m -Dfile.encoding=windows-1252 -Duser.country=US -Duser.language=en -Duser.variant -javaagent:C:\Users\Hissam\.gradle\wrapper\dists\gradle-8.5-all\3zlzzgtsutfj0pbojr50n2l7z\gradle-8.5\lib\agents\gradle-instrumentation-agent-8.5.jar 
java_command: org.gradle.launcher.daemon.bootstrap.GradleDaemon 8.5
java_class_path (initial): C:\Users\Hissam\.gradle\wrapper\dists\gradle-8.5-all\3zlzzgtsutfj0pbojr50n2l7z\gradle-8.5\lib\gradle-launcher-8.5.jar
Launcher Type: SUN_STANDARD

[Global flags]
     intx CICompilerCount                          = 3                                         {product} {ergonomic}
   size_t CompressedClassSpaceSize                 = 436207616                                 {product} {ergonomic}
     uint ConcGCThreads                            = 1                                         {product} {ergonomic}
     uint G1ConcRefinementThreads                  = 4                                         {product} {ergonomic}
   size_t G1HeapRegionSize                         = 1048576                                   {product} {ergonomic}
    uintx GCDrainStackTargetSize                   = 64                                        {product} {ergonomic}
   size_t InitialHeapSize                          = 134217728                                 {product} {ergonomic}
   size_t MarkStackSize                            = 4194304                                   {product} {ergonomic}
   size_t MaxHeapSize                              = 2147483648                                {product} {command line}
   size_t MaxMetaspaceSize                         = 536870912                                 {product} {command line}
   size_t MaxNewSize                               = 1287651328                                {product} {ergonomic}
   size_t MinHeapDeltaBytes                        = 1048576                                   {product} {ergonomic}
   size_t MinHeapSize                              = 8388608                                   {product} {ergonomic}
    uintx NonNMethodCodeHeapSize                   = 5832780                                {pd product} {ergonomic}
    uintx NonProfiledCodeHeapSize                  = 122912730                              {pd product} {ergonomic}
    uintx ProfiledCodeHeapSize                     = 122912730                              {pd product} {ergonomic}
    uintx ReservedCodeCacheSize                    = 251658240                              {pd product} {ergonomic}
     bool SegmentedCodeCache                       = true                                      {product} {ergonomic}
   size_t SoftMaxHeapSize                          = 2147483648                             {manageable} {ergonomic}
     bool UseCompressedClassPointers               = true                           {product lp64_product} {ergonomic}
     bool UseCompressedOops                        = true                           {product lp64_product} {ergonomic}
     bool UseG1GC                                  = true                                      {product} {ergonomic}
     bool UseLargePagesIndividualAllocation        = false                                  {pd product} {ergonomic}

Logging:
Log output configuration:
 #0: stdout all=warning uptime,level,tags
 #1: stderr all=off uptime,level,tags

Environment Variables:
JAVA_HOME=C:\Program Files\Microsoft\jdk-17.0.8.7-hotspot\
CLASSPATH=C:\Users\Hissam\Downloads\otto-mobile-app-main\android\\gradle\wrapper\gradle-wrapper.jar
PATH=C:\Users\Hissam\Downloads\otto-mobile-app-main\node_modules\.bin;C:\Users\Hissam\Downloads\node_modules\.bin;C:\Users\Hissam\node_modules\.bin;C:\Users\node_modules\.bin;C:\node_modules\.bin;C:\Users\Hissam\AppData\Roaming\npm\node_modules\npm\node_modules\@npmcli\run-script\lib\node-gyp-bin;C:\oraclexe\app\oracle\product\11.2.0\server\bin;;C:\Program Files\Microsoft\jdk-17.0.8.7-hotspot\bin;C:\Windows\system32;C:\Windows;C:\Windows\System32\Wbem;C:\Windows\System32\WindowsPowerShell\v1.0\;C:\Windows\System32\OpenSSH\;C:\ProgramData\chocolatey\bin;C:\Program Files\nodejs\;C:\Program Files\Git\cmd;C:\Users\Hissam\AppData\Local\Android\Sdk\tools;C:\Users\Hissam\AppData\Local\Microsoft\WindowsApps;C:\Users\Hissam\AppData\Local\Programs\Microsoft VS Code\bin;C:\Users\Hissam\AppData\Roaming\npm;C:\Users\Hissam\AppData\Local\Android\Sdk\platform-tools;
USERNAME=Hissam
LANG=en_US.UTF-8
OS=Windows_NT
PROCESSOR_IDENTIFIER=Intel64 Family 6 Model 78 Stepping 3, GenuineIntel
TMP=C:\Users\Hissam\AppData\Local\Temp
TEMP=C:\Users\Hissam\AppData\Local\Temp



---------------  S Y S T E M  ---------------

OS:
 Windows 10 , 64 bit Build 19041 (10.0.19041.4597)
OS uptime: 1 days 8:36 hours

CPU: total 4 (initial active 4) (2 cores per cpu, 2 threads per core) family 6 model 78 stepping 3 microcode 0xf0, cx8, cmov, fxsr, ht, mmx, 3dnowpref, sse, sse2, sse3, ssse3, sse4.1, sse4.2, popcnt, lzcnt, tsc, tscinvbit, avx, avx2, aes, erms, clmul, bmi1, bmi2, adx, fma, vzeroupper, clflush, clflushopt
Processor Information for all 4 processors :
  Max Mhz: 2400, Current Mhz: 2300, Mhz Limit: 2280

Memory: 4k page, system-wide physical 8071M (411M free)
TotalPageFile size 27015M (AvailPageFile size 15840M)
current process WorkingSet (physical memory assigned to process): 474M, peak: 496M
current process commit charge ("private bytes"): 613M, peak: 636M

vm_info: OpenJDK 64-Bit Server VM (17.0.8+7-LTS) for windows-amd64 JRE (17.0.8+7-LTS), built on Jul  7 2023 17:21:55 by "MicrosoftCorporation" with MS VC++ 16.10 / 16.11 (VS2019)

END.
